
2/24/2017, 4:35:56 PM

Operating System
  Name                        = Mac OS X
  Version                     = 10.12.3
  Architecture                = 64bit
  # CPUs                      = 8
  Memory                      = 8589934592

Node.js
  Node.js Version             = 4.4.7
  npm Version                 = 4.0.5

Titanium CLI
  CLI Version                 = 5.0.9

Titanium SDK
  SDK Version                 = 6.1.0
  SDK Path                    = /Users/ani.sinanaj/Library/Application Support/Titanium/mobilesdk/osx/6.1.0
  Target Platform             = iphone

Command
  /usr/local/bin/node /usr/local/bin/ti build -p ios --build-only

[DEBUG]  Titanium SDK iOS directory: /Users/ani.sinanaj/Library/Application Support/Titanium/mobilesdk/osx/6.1.0/iphone
[INFO]   Project directory: /Users/ani.sinanaj/Mobile/timaterial/ti.material/iphone
[INFO]   Module ID: ti.material
[WARN]   Please update the LICENSE file with your license text before distributing.
[DEBUG]  Writing module assets file: /Users/ani.sinanaj/Mobile/timaterial/ti.material/iphone/Classes/TiMaterialModuleAssets.m
[DEBUG]  Running: DEVELOPER_DIR=/Applications/Xcode.app/Contents/Developer /Applications/Xcode.app/Contents/Developer/usr/bin/xcodebuild -configuration Release -sdk iphoneos
[DEBUG]  Running: DEVELOPER_DIR=/Applications/Xcode.app/Contents/Developer /Applications/Xcode.app/Contents/Developer/usr/bin/xcodebuild -configuration Release -sdk iphonesimulator
[TRACE]  [xcode-dist] Build settings from command line:
[TRACE]  [xcode-dist]     SDKROOT = iphoneos10.2
[TRACE]  [xcode-sim] Build settings from command line:
[TRACE]  [xcode-sim]     SDKROOT = iphonesimulator10.2
[TRACE]  [xcode-sim] === BUILD TARGET ti.material OF PROJECT ti.material WITH CONFIGURATION Release ===
[TRACE]  [xcode-sim] Check dependencies
[TRACE]  [xcode-dist] === BUILD TARGET ti.material OF PROJECT ti.material WITH CONFIGURATION Release ===
[TRACE]  [xcode-dist] Check dependencies
[TRACE]  [xcode-sim] CompileC build/ti.material.build/Release-iphonesimulator/ti.material.build/Objects-normal/i386/TiMaterialSwitch.o Classes/TiMaterialSwitch.m normal i386 objective-c com.apple.compilers.llvm.clang.1_0.compiler
[TRACE]  [xcode-sim]     cd /Users/ani.sinanaj/Mobile/timaterial/ti.material/iphone
[TRACE]  [xcode-sim]     export LANG=en_US.US-ASCII
[TRACE]  [xcode-sim]     export PATH="/Applications/Xcode.app/Contents/Developer/Platforms/iPhoneSimulator.platform/Developer/usr/bin:/Applications/Xcode.app/Contents/Developer/usr/bin:/Users/ani.sinanaj/.rvm/gems/ruby-2.2.0/bin:/Users/ani.sinanaj/.rvm/gems/ruby-2.2.0@global/bin:/Users/ani.sinanaj/.rvm/rubies/ruby-2.2.0/bin::/usr/local/opt/php70/bin:/usr/local/bin:/usr/local/sbin:/usr/bin:/usr/sbin:/usr/texbin:/opt/X11/bin:/bin:/sbin:/Users/ani.sinanaj/Applications/Android/sdk/tools:/Users/ani.sinanaj/Applications/Android/sdk/platform-tools:/Users/ani.sinanaj/Applications/Android/sdk/build-tools/20.0.0:/Users/ani.sinanaj/SparkleShare/dotfiles/bin:/Users/ani.sinanaj/SparkleShare/caffeina/Binaries:/Users/ani.sinanaj/.rvm/bin"
[TRACE]  [xcode-sim]     /Applications/Xcode.app/Contents/Developer/usr/bin/gcc -x objective-c -arch i386 -fmessage-length=0 -fdiagnostics-show-note-include-stack -fmacro-backtrace-limit=0 -std=c99 -Wno-trigraphs -fpascal-strings -Os -Wno-missing-field-initializers -Wno-missing-prototypes -Wno-return-type -Wno-implicit-atomic-properties -Wno-arc-repeated-use-of-weak -Wno-missing-braces -Wno-parentheses -Wswitch -Wunused-function -Wno-unused-label -Wno-unused-parameter -Wno-unused-variable -Wno-unused-value -Wno-empty-body -Wno-uninitialized -Wno-unknown-pragmas -Wno-shadow -Wno-four-char-constants -Wno-conversion -Wno-constant-conversion -Wno-int-conversion -Wno-bool-conversion -Wno-enum-conversion -Wno-shorten-64-to-32 -Wpointer-sign -Wno-newline-eof -Wno-selector -Wno-strict-selector-match -Wno-undeclared-selector -Wno-deprecated-implementations -DTI_VERSION= -isysroot /Applications/Xcode.app/Contents/Developer/Platforms/iPhoneSimulator.platform/Developer/SDKs/iPhoneSimulator10.2.sdk -fasm-blocks -fstrict-aliasing -Wprotocol -Wdeprecated-declarations -mios-simulator-version-min=10.0 -g -Wno-sign-conversion -Wno-infinite-recursion -fobjc-abi-version=2 -fobjc-legacy-dispatch -iquote /Users/ani.sinanaj/Mobile/timaterial/ti.material/iphone/build/ti.material.build/Release-iphonesimulator/ti.material.build/ti.material-generated-files.hmap -I/Users/ani.sinanaj/Mobile/timaterial/ti.material/iphone/build/ti.material.build/Release-iphonesimulator/ti.material.build/ti.material-own-target-headers.hmap -I/Users/ani.sinanaj/Mobile/timaterial/ti.material/iphone/build/ti.material.build/Release-iphonesimulator/ti.material.build/ti.material-all-target-headers.hmap -iquote /Users/ani.sinanaj/Mobile/timaterial/ti.material/iphone/build/ti.material.build/Release-iphonesimulator/ti.material.build/ti.material-project-headers.hmap -I/Users/ani.sinanaj/Mobile/timaterial/ti.material/iphone/build/Release-iphonesimulator/include -I/Users/ani.sinanaj/Library/Application\ Support/Titanium/mobilesdk/osx/6.0.0.GA/iphone/include -I/Users/ani.sinanaj/Library/Application\ Support/Titanium/mobilesdk/osx/6.0.0.GA/iphone/include/TiCore -I/Users/ani.sinanaj/Library/Application\ Support/Titanium/mobilesdk/osx/6.0.0.GA/iphone/include/JavaScriptCore -I/Users/ani.sinanaj/Mobile/timaterial/ti.material/iphone/build/ti.material.build/Release-iphonesimulator/ti.material.build/DerivedSources/i386 -I/Users/ani.sinanaj/Mobile/timaterial/ti.material/iphone/build/ti.material.build/Release-iphonesimulator/ti.material.build/DerivedSources -F/Users/ani.sinanaj/Mobile/timaterial/ti.material/iphone/build/Release-iphonesimulator -DTI_POST_1_2 -include /Users/ani.sinanaj/Mobile/timaterial/ti.material/iphone/build/SharedPrecompiledHeaders/TiMaterial_Prefix-cmthsrmwgyixregmirvzjyjjjzhg/TiMaterial_Prefix.pch -MMD -MT dependencies -MF /Users/ani.sinanaj/Mobile/timaterial/ti.material/iphone/build/ti.material.build/Release-iphonesimulator/ti.material.build/Objects-normal/i386/TiMaterialSwitch.d --serialize-diagnostics /Users/ani.sinanaj/Mobile/timaterial/ti.material/iphone/build/ti.material.build/Release-iphonesimulator/ti.material.build/Objects-normal/i386/TiMaterialSwitch.dia -c /Users/ani.sinanaj/Mobile/timaterial/ti.material/iphone/Classes/TiMaterialSwitch.m -o /Users/ani.sinanaj/Mobile/timaterial/ti.material/iphone/build/ti.material.build/Release-iphonesimulator/ti.material.build/Objects-normal/i386/TiMaterialSwitch.o
[TRACE]  [xcode-dist] CompileC build/ti.material.build/Release-iphoneos/ti.material.build/Objects-normal/arm64/TiMaterialButton.o Classes/TiMaterialButton.m normal arm64 objective-c com.apple.compilers.llvm.clang.1_0.compiler
[TRACE]  [xcode-dist]     cd /Users/ani.sinanaj/Mobile/timaterial/ti.material/iphone
[TRACE]  [xcode-dist]     export LANG=en_US.US-ASCII
[TRACE]  [xcode-dist]     export PATH="/Applications/Xcode.app/Contents/Developer/Platforms/iPhoneOS.platform/Developer/usr/bin:/Applications/Xcode.app/Contents/Developer/usr/bin:/Users/ani.sinanaj/.rvm/gems/ruby-2.2.0/bin:/Users/ani.sinanaj/.rvm/gems/ruby-2.2.0@global/bin:/Users/ani.sinanaj/.rvm/rubies/ruby-2.2.0/bin::/usr/local/opt/php70/bin:/usr/local/bin:/usr/local/sbin:/usr/bin:/usr/sbin:/usr/texbin:/opt/X11/bin:/bin:/sbin:/Users/ani.sinanaj/Applications/Android/sdk/tools:/Users/ani.sinanaj/Applications/Android/sdk/platform-tools:/Users/ani.sinanaj/Applications/Android/sdk/build-tools/20.0.0:/Users/ani.sinanaj/SparkleShare/dotfiles/bin:/Users/ani.sinanaj/SparkleShare/caffeina/Binaries:/Users/ani.sinanaj/.rvm/bin"
[TRACE]  [xcode-dist]     /Applications/Xcode.app/Contents/Developer/usr/bin/gcc -x objective-c -arch arm64 -fmessage-length=0 -fdiagnostics-show-note-include-stack -fmacro-backtrace-limit=0 -std=c99 -Wno-trigraphs -fpascal-strings -Os -Wno-missing-field-initializers -Wno-missing-prototypes -Wno-return-type -Wno-implicit-atomic-properties -Wno-arc-repeated-use-of-weak -Wno-missing-braces -Wno-parentheses -Wswitch -Wunused-function -Wno-unused-label -Wno-unused-parameter -Wno-unused-variable -Wno-unused-value -Wno-empty-body -Wno-uninitialized -Wno-unknown-pragmas -Wno-shadow -Wno-four-char-constants -Wno-conversion -Wno-constant-conversion -Wno-int-conversion -Wno-bool-conversion -Wno-enum-conversion -Wshorten-64-to-32 -Wpointer-sign -Wno-newline-eof -Wno-selector -Wno-strict-selector-match -Wno-undeclared-selector -Wno-deprecated-implementations -DTI_VERSION= -isysroot /Applications/Xcode.app/Contents/Developer/Platforms/iPhoneOS.platform/Developer/SDKs/iPhoneOS10.2.sdk -fstrict-aliasing -Wprotocol -Wdeprecated-declarations -miphoneos-version-min=10.0 -g -Wno-sign-conversion -Wno-infinite-recursion -fembed-bitcode-marker -iquote /Users/ani.sinanaj/Mobile/timaterial/ti.material/iphone/build/ti.material.build/Release-iphoneos/ti.material.build/ti.material-generated-files.hmap -I/Users/ani.sinanaj/Mobile/timaterial/ti.material/iphone/build/ti.material.build/Release-iphoneos/ti.material.build/ti.material-own-target-headers.hmap -I/Users/ani.sinanaj/Mobile/timaterial/ti.material/iphone/build/ti.material.build/Release-iphoneos/ti.material.build/ti.material-all-target-headers.hmap -iquote /Users/ani.sinanaj/Mobile/timaterial/ti.material/iphone/build/ti.material.build/Release-iphoneos/ti.material.build/ti.material-project-headers.hmap -I/Users/ani.sinanaj/Mobile/timaterial/ti.material/iphone/build/Release-iphoneos/include -I/Users/ani.sinanaj/Library/Application\ Support/Titanium/mobilesdk/osx/6.0.0.GA/iphone/include -I/Users/ani.sinanaj/Library/Application\ Support/Titanium/mobilesdk/osx/6.0.0.GA/iphone/include/TiCore -I/Users/ani.sinanaj/Library/Application\ Support/Titanium/mobilesdk/osx/6.0.0.GA/iphone/include/JavaScriptCore -I/Users/ani.sinanaj/Mobile/timaterial/ti.material/iphone/build/ti.material.build/Release-iphoneos/ti.material.build/DerivedSources/arm64 -I/Users/ani.sinanaj/Mobile/timaterial/ti.material/iphone/build/ti.material.build/Release-iphoneos/ti.material.build/DerivedSources -F/Users/ani.sinanaj/Mobile/timaterial/ti.material/iphone/build/Release-iphoneos -DTI_POST_1_2 -include /Users/ani.sinanaj/Mobile/timaterial/ti.material/iphone/build/SharedPrecompiledHeaders/TiMaterial_Prefix-ceaarqrdseadtbeqndgprfpvuaoy/TiMaterial_Prefix.pch -MMD -MT dependencies -MF /Users/ani.sinanaj/Mobile/timaterial/ti.material/iphone/build/ti.material.build/Release-iphoneos/ti.material.build/Objects-normal/arm64/TiMaterialButton.d --serialize-diagnostics /Users/ani.sinanaj/Mobile/timaterial/ti.material/iphone/build/ti.material.build/Release-iphoneos/ti.material.build/Objects-normal/arm64/TiMaterialButton.dia -c /Users/ani.sinanaj/Mobile/timaterial/ti.material/iphone/Classes/TiMaterialButton.m -o /Users/ani.sinanaj/Mobile/timaterial/ti.material/iphone/build/ti.material.build/Release-iphoneos/ti.material.build/Objects-normal/arm64/TiMaterialButton.o
[TRACE]  [xcode-sim] In file included from /Users/ani.sinanaj/Mobile/timaterial/ti.material/iphone/Classes/TiMaterialSwitch.m:9:
[TRACE]  [xcode-sim] In file included from /Users/ani.sinanaj/Mobile/timaterial/ti.material/iphone/Classes/TiMaterialSwitch.h:11:
[TRACE]  [xcode-sim] /Users/ani.sinanaj/Mobile/timaterial/ti.material/iphone/headers/MDSwitch.h:29:1: warning: no 'assign', 'retain', or 'copy' attribute is specified - 'assign' is assumed [-Wobjc-property-no-attribute]
[TRACE]  [xcode-sim] @property(nonatomic) IBInspectable UIColor *thumbOn;
[TRACE]  [xcode-sim] ^
[TRACE]  [xcode-sim] /Users/ani.sinanaj/Mobile/timaterial/ti.material/iphone/headers/MDSwitch.h:29:1: warning: default property attribute 'assign' not appropriate for non-GC object [-Wobjc-property-no-attribute]
[TRACE]  [xcode-sim] /Users/ani.sinanaj/Mobile/timaterial/ti.material/iphone/headers/MDSwitch.h:30:1: warning: no 'assign', 'retain', or 'copy' attribute is specified - 'assign' is assumed [-Wobjc-property-no-attribute]
[TRACE]  [xcode-sim] @property(nonatomic) IBInspectable UIColor *trackOn;
[TRACE]  [xcode-sim] ^
[TRACE]  [xcode-sim] /Users/ani.sinanaj/Mobile/timaterial/ti.material/iphone/headers/MDSwitch.h:30:1: warning: default property attribute 'assign' not appropriate for non-GC object [-Wobjc-property-no-attribute]
[TRACE]  [xcode-sim] /Users/ani.sinanaj/Mobile/timaterial/ti.material/iphone/headers/MDSwitch.h:31:1: warning: no 'assign', 'retain', or 'copy' attribute is specified - 'assign' is assumed [-Wobjc-property-no-attribute]
[TRACE]  [xcode-sim] @property(nonatomic) IBInspectable UIColor *thumbOff;
[TRACE]  [xcode-sim] ^
[TRACE]  [xcode-sim] /Users/ani.sinanaj/Mobile/timaterial/ti.material/iphone/headers/MDSwitch.h:31:1: warning: default property attribute 'assign' not appropriate for non-GC object [-Wobjc-property-no-attribute]
[TRACE]  [xcode-sim] /Users/ani.sinanaj/Mobile/timaterial/ti.material/iphone/headers/MDSwitch.h:32:1: warning: no 'assign', 'retain', or 'copy' attribute is specified - 'assign' is assumed [-Wobjc-property-no-attribute]
[TRACE]  [xcode-sim] @property(nonatomic) IBInspectable UIColor *trackOff;
[TRACE]  [xcode-sim] ^
[TRACE]  [xcode-sim] /Users/ani.sinanaj/Mobile/timaterial/ti.material/iphone/headers/MDSwitch.h:32:1: warning: default property attribute 'assign' not appropriate for non-GC object [-Wobjc-property-no-attribute]
[TRACE]  [xcode-sim] /Users/ani.sinanaj/Mobile/timaterial/ti.material/iphone/headers/MDSwitch.h:33:1: warning: no 'assign', 'retain', or 'copy' attribute is specified - 'assign' is assumed [-Wobjc-property-no-attribute]
[TRACE]  [xcode-sim] @property(nonatomic) IBInspectable UIColor *thumbDisabled;
[TRACE]  [xcode-sim] ^
[TRACE]  [xcode-sim] /Users/ani.sinanaj/Mobile/timaterial/ti.material/iphone/headers/MDSwitch.h:33:1: warning: default property attribute 'assign' not appropriate for non-GC object [-Wobjc-property-no-attribute]
[TRACE]  [xcode-sim] /Users/ani.sinanaj/Mobile/timaterial/ti.material/iphone/headers/MDSwitch.h:34:1: warning: no 'assign', 'retain', or 'copy' attribute is specified - 'assign' is assumed [-Wobjc-property-no-attribute]
[TRACE]  [xcode-sim] @property(nonatomic) IBInspectable UIColor *trackDisabled;
[TRACE]  [xcode-sim] ^
[TRACE]  [xcode-sim] /Users/ani.sinanaj/Mobile/timaterial/ti.material/iphone/headers/MDSwitch.h:34:1: warning: default property attribute 'assign' not appropriate for non-GC object [-Wobjc-property-no-attribute]
[TRACE]  [xcode-sim] 12 warnings generated.
[TRACE]  [xcode-sim] CompileC build/ti.material.build/Release-iphonesimulator/ti.material.build/Objects-normal/i386/TiMaterialModuleAssets.o Classes/TiMaterialModuleAssets.m normal i386 objective-c com.apple.compilers.llvm.clang.1_0.compiler
[TRACE]  [xcode-sim]     cd /Users/ani.sinanaj/Mobile/timaterial/ti.material/iphone
[TRACE]  [xcode-sim]     export LANG=en_US.US-ASCII
[TRACE]  [xcode-sim]     export PATH="/Applications/Xcode.app/Contents/Developer/Platforms/iPhoneSimulator.platform/Developer/usr/bin:/Applications/Xcode.app/Contents/Developer/usr/bin:/Users/ani.sinanaj/.rvm/gems/ruby-2.2.0/bin:/Users/ani.sinanaj/.rvm/gems/ruby-2.2.0@global/bin:/Users/ani.sinanaj/.rvm/rubies/ruby-2.2.0/bin::/usr/local/opt/php70/bin:/usr/local/bin:/usr/local/sbin:/usr/bin:/usr/sbin:/usr/texbin:/opt/X11/bin:/bin:/sbin:/Users/ani.sinanaj/Applications/Android/sdk/tools:/Users/ani.sinanaj/Applications/Android/sdk/platform-tools:/Users/ani.sinanaj/Applications/Android/sdk/build-tools/20.0.0:/Users/ani.sinanaj/SparkleShare/dotfiles/bin:/Users/ani.sinanaj/SparkleShare/caffeina/Binaries:/Users/ani.sinanaj/.rvm/bin"
[TRACE]  [xcode-sim]     /Applications/Xcode.app/Contents/Developer/usr/bin/gcc -x objective-c -arch i386 -fmessage-length=0 -fdiagnostics-show-note-include-stack -fmacro-backtrace-limit=0 -std=c99 -Wno-trigraphs -fpascal-strings -Os -Wno-missing-field-initializers -Wno-missing-prototypes -Wno-return-type -Wno-implicit-atomic-properties -Wno-arc-repeated-use-of-weak -Wno-missing-braces -Wno-parentheses -Wswitch -Wunused-function -Wno-unused-label -Wno-unused-parameter -Wno-unused-variable -Wno-unused-value -Wno-empty-body -Wno-uninitialized -Wno-unknown-pragmas -Wno-shadow -Wno-four-char-constants -Wno-conversion -Wno-constant-conversion -Wno-int-conversion -Wno-bool-conversion -Wno-enum-conversion -Wno-shorten-64-to-32 -Wpointer-sign -Wno-newline-eof -Wno-selector -Wno-strict-selector-match -Wno-undeclared-selector -Wno-deprecated-implementations -DTI_VERSION= -isysroot /Applications/Xcode.app/Contents/Developer/Platforms/iPhoneSimulator.platform/Developer/SDKs/iPhoneSimulator10.2.sdk -fasm-blocks -fstrict-aliasing -Wprotocol -Wdeprecated-declarations -mios-simulator-version-min=10.0 -g -Wno-sign-conversion -Wno-infinite-recursion -fobjc-abi-version=2 -fobjc-legacy-dispatch -iquote /Users/ani.sinanaj/Mobile/timaterial/ti.material/iphone/build/ti.material.build/Release-iphonesimulator/ti.material.build/ti.material-generated-files.hmap -I/Users/ani.sinanaj/Mobile/timaterial/ti.material/iphone/build/ti.material.build/Release-iphonesimulator/ti.material.build/ti.material-own-target-headers.hmap -I/Users/ani.sinanaj/Mobile/timaterial/ti.material/iphone/build/ti.material.build/Release-iphonesimulator/ti.material.build/ti.material-all-target-headers.hmap -iquote /Users/ani.sinanaj/Mobile/timaterial/ti.material/iphone/build/ti.material.build/Release-iphonesimulator/ti.material.build/ti.material-project-headers.hmap -I/Users/ani.sinanaj/Mobile/timaterial/ti.material/iphone/build/Release-iphonesimulator/include -I/Users/ani.sinanaj/Library/Application\ Support/Titanium/mobilesdk/osx/6.0.0.GA/iphone/include -I/Users/ani.sinanaj/Library/Application\ Support/Titanium/mobilesdk/osx/6.0.0.GA/iphone/include/TiCore -I/Users/ani.sinanaj/Library/Application\ Support/Titanium/mobilesdk/osx/6.0.0.GA/iphone/include/JavaScriptCore -I/Users/ani.sinanaj/Mobile/timaterial/ti.material/iphone/build/ti.material.build/Release-iphonesimulator/ti.material.build/DerivedSources/i386 -I/Users/ani.sinanaj/Mobile/timaterial/ti.material/iphone/build/ti.material.build/Release-iphonesimulator/ti.material.build/DerivedSources -F/Users/ani.sinanaj/Mobile/timaterial/ti.material/iphone/build/Release-iphonesimulator -DTI_POST_1_2 -include /Users/ani.sinanaj/Mobile/timaterial/ti.material/iphone/build/SharedPrecompiledHeaders/TiMaterial_Prefix-cmthsrmwgyixregmirvzjyjjjzhg/TiMaterial_Prefix.pch -MMD -MT dependencies -MF /Users/ani.sinanaj/Mobile/timaterial/ti.material/iphone/build/ti.material.build/Release-iphonesimulator/ti.material.build/Objects-normal/i386/TiMaterialModuleAssets.d --serialize-diagnostics /Users/ani.sinanaj/Mobile/timaterial/ti.material/iphone/build/ti.material.build/Release-iphonesimulator/ti.material.build/Objects-normal/i386/TiMaterialModuleAssets.dia -c /Users/ani.sinanaj/Mobile/timaterial/ti.material/iphone/Classes/TiMaterialModuleAssets.m -o /Users/ani.sinanaj/Mobile/timaterial/ti.material/iphone/build/ti.material.build/Release-iphonesimulator/ti.material.build/Objects-normal/i386/TiMaterialModuleAssets.o
[TRACE]  [xcode-sim] CompileC build/ti.material.build/Release-iphonesimulator/ti.material.build/Objects-normal/x86_64/TiMaterialButton.o Classes/TiMaterialButton.m normal x86_64 objective-c com.apple.compilers.llvm.clang.1_0.compiler
[TRACE]  [xcode-sim]     cd /Users/ani.sinanaj/Mobile/timaterial/ti.material/iphone
[TRACE]  [xcode-sim]     export LANG=en_US.US-ASCII
[TRACE]  [xcode-sim]     export PATH="/Applications/Xcode.app/Contents/Developer/Platforms/iPhoneSimulator.platform/Developer/usr/bin:/Applications/Xcode.app/Contents/Developer/usr/bin:/Users/ani.sinanaj/.rvm/gems/ruby-2.2.0/bin:/Users/ani.sinanaj/.rvm/gems/ruby-2.2.0@global/bin:/Users/ani.sinanaj/.rvm/rubies/ruby-2.2.0/bin::/usr/local/opt/php70/bin:/usr/local/bin:/usr/local/sbin:/usr/bin:/usr/sbin:/usr/texbin:/opt/X11/bin:/bin:/sbin:/Users/ani.sinanaj/Applications/Android/sdk/tools:/Users/ani.sinanaj/Applications/Android/sdk/platform-tools:/Users/ani.sinanaj/Applications/Android/sdk/build-tools/20.0.0:/Users/ani.sinanaj/SparkleShare/dotfiles/bin:/Users/ani.sinanaj/SparkleShare/caffeina/Binaries:/Users/ani.sinanaj/.rvm/bin"
[TRACE]  [xcode-sim]     /Applications/Xcode.app/Contents/Developer/usr/bin/gcc -x objective-c -arch x86_64 -fmessage-length=0 -fdiagnostics-show-note-include-stack -fmacro-backtrace-limit=0 -std=c99 -Wno-trigraphs -fpascal-strings -Os -Wno-missing-field-initializers -Wno-missing-prototypes -Wno-return-type -Wno-implicit-atomic-properties -Wno-arc-repeated-use-of-weak -Wno-missing-braces -Wno-parentheses -Wswitch -Wunused-function -Wno-unused-label -Wno-unused-parameter -Wno-unused-variable -Wno-unused-value -Wno-empty-body -Wno-uninitialized -Wno-unknown-pragmas -Wno-shadow -Wno-four-char-constants -Wno-conversion -Wno-constant-conversion -Wno-int-conversion -Wno-bool-conversion -Wno-enum-conversion -Wshorten-64-to-32 -Wpointer-sign -Wno-newline-eof -Wno-selector -Wno-strict-selector-match -Wno-undeclared-selector -Wno-deprecated-implementations -DTI_VERSION= -isysroot /Applications/Xcode.app/Contents/Developer/Platforms/iPhoneSimulator.platform/Developer/SDKs/iPhoneSimulator10.2.sdk -fasm-blocks -fstrict-aliasing -Wprotocol -Wdeprecated-declarations -mios-simulator-version-min=10.0 -g -Wno-sign-conversion -Wno-infinite-recursion -fobjc-abi-version=2 -fobjc-legacy-dispatch -iquote /Users/ani.sinanaj/Mobile/timaterial/ti.material/iphone/build/ti.material.build/Release-iphonesimulator/ti.material.build/ti.material-generated-files.hmap -I/Users/ani.sinanaj/Mobile/timaterial/ti.material/iphone/build/ti.material.build/Release-iphonesimulator/ti.material.build/ti.material-own-target-headers.hmap -I/Users/ani.sinanaj/Mobile/timaterial/ti.material/iphone/build/ti.material.build/Release-iphonesimulator/ti.material.build/ti.material-all-target-headers.hmap -iquote /Users/ani.sinanaj/Mobile/timaterial/ti.material/iphone/build/ti.material.build/Release-iphonesimulator/ti.material.build/ti.material-project-headers.hmap -I/Users/ani.sinanaj/Mobile/timaterial/ti.material/iphone/build/Release-iphonesimulator/include -I/Users/ani.sinanaj/Library/Application\ Support/Titanium/mobilesdk/osx/6.0.0.GA/iphone/include -I/Users/ani.sinanaj/Library/Application\ Support/Titanium/mobilesdk/osx/6.0.0.GA/iphone/include/TiCore -I/Users/ani.sinanaj/Library/Application\ Support/Titanium/mobilesdk/osx/6.0.0.GA/iphone/include/JavaScriptCore -I/Users/ani.sinanaj/Mobile/timaterial/ti.material/iphone/build/ti.material.build/Release-iphonesimulator/ti.material.build/DerivedSources/x86_64 -I/Users/ani.sinanaj/Mobile/timaterial/ti.material/iphone/build/ti.material.build/Release-iphonesimulator/ti.material.build/DerivedSources -F/Users/ani.sinanaj/Mobile/timaterial/ti.material/iphone/build/Release-iphonesimulator -DTI_POST_1_2 -include /Users/ani.sinanaj/Mobile/timaterial/ti.material/iphone/build/SharedPrecompiledHeaders/TiMate
[TRACE]  [xcode-sim] rial_Prefix-azpogxuatvenypfwkxyvpimtgxcj/TiMaterial_Prefix.pch -MMD -MT dependencies -MF /Users/ani.sinanaj/Mobile/timaterial/ti.material/iphone/build/ti.material.build/Release-iphonesimulator/ti.material.build/Objects-normal/x86_64/TiMaterialButton.d --serialize-diagnostics /Users/ani.sinanaj/Mobile/timaterial/ti.material/iphone/build/ti.material.build/Release-iphonesimulator/ti.material.build/Objects-normal/x86_64/TiMaterialButton.dia -c /Users/ani.sinanaj/Mobile/timaterial/ti.material/iphone/Classes/TiMaterialButton.m -o /Users/ani.sinanaj/Mobile/timaterial/ti.material/iphone/build/ti.material.build/Release-iphonesimulator/ti.material.build/Objects-normal/x86_64/TiMaterialButton.o
[TRACE]  [xcode-dist] In file included from /Users/ani.sinanaj/Mobile/timaterial/ti.material/iphone/Classes/TiMaterialButton.m:9:
[TRACE]  [xcode-dist] In file included from /Users/ani.sinanaj/Mobile/timaterial/ti.material/iphone/Classes/TiMaterialButton.h:10:
[TRACE]  [xcode-dist] /Users/ani.sinanaj/Mobile/timaterial/ti.material/iphone/headers/MDButton.h:44:1: warning: no 'assign', 'retain', or 'copy' attribute is specified - 'assign' is assumed [-Wobjc-property-no-attribute]
[TRACE]  [xcode-dist] @property(null_unspecified, nonatomic) IBInspectable UIColor *rippleColor;
[TRACE]  [xcode-dist] ^
[TRACE]  [xcode-dist] /Users/ani.sinanaj/Mobile/timaterial/ti.material/iphone/headers/MDButton.h:44:1: warning: default property attribute 'assign' not appropriate for non-GC object [-Wobjc-property-no-attribute]
[TRACE]  [xcode-dist] /Users/ani.sinanaj/Mobile/timaterial/ti.material/iphone/headers/MDButton.h:47:1: warning: no 'assign', 'retain', or 'copy' attribute is specified - 'assign' is assumed [-Wobjc-property-no-attribute]
[TRACE]  [xcode-dist] @property(nonatomic) IBInspectable UIImage *imageNormal;
[TRACE]  [xcode-dist] ^
[TRACE]  [xcode-dist] /Users/ani.sinanaj/Mobile/timaterial/ti.material/iphone/headers/MDButton.h:47:1: warning: default property attribute 'assign' not appropriate for non-GC object [-Wobjc-property-no-attribute]
[TRACE]  [xcode-dist] /Users/ani.sinanaj/Mobile/timaterial/ti.material/iphone/headers/MDButton.h:48:1: warning: no 'assign', 'retain', or 'copy' attribute is specified - 'assign' is assumed [-Wobjc-property-no-attribute]
[TRACE]  [xcode-dist] @property(nonatomic) IBInspectable UIImage *imageRotated;
[TRACE]  [xcode-dist] ^
[TRACE]  [xcode-dist] /Users/ani.sinanaj/Mobile/timaterial/ti.material/iphone/headers/MDButton.h:48:1: warning: default property attribute 'assign' not appropriate for non-GC object [-Wobjc-property-no-attribute]
[TRACE]  [xcode-dist] 6 warnings generated.
[TRACE]  [xcode-dist] CompileC build/ti.material.build/Release-iphoneos/ti.material.build/Objects-normal/armv7/TiMaterialButton.o Classes/TiMaterialButton.m normal armv7 objective-c com.apple.compilers.llvm.clang.1_0.compiler
[TRACE]  [xcode-dist]     cd /Users/ani.sinanaj/Mobile/timaterial/ti.material/iphone
[TRACE]  [xcode-dist]     export LANG=en_US.US-ASCII
[TRACE]  [xcode-dist]     export PATH="/Applications/Xcode.app/Contents/Developer/Platforms/iPhoneOS.platform/Developer/usr/bin:/Applications/Xcode.app/Contents/Developer/usr/bin:/Users/ani.sinanaj/.rvm/gems/ruby-2.2.0/bin:/Users/ani.sinanaj/.rvm/gems/ruby-2.2.0@global/bin:/Users/ani.sinanaj/.rvm/rubies/ruby-2.2.0/bin::/usr/local/opt/php70/bin:/usr/local/bin:/usr/local/sbin:/usr/bin:/usr/sbin:/usr/texbin:/opt/X11/bin:/bin:/sbin:/Users/ani.sinanaj/Applications/Android/sdk/tools:/Users/ani.sinanaj/Applications/Android/sdk/platform-tools:/Users/ani.sinanaj/Applications/Android/sdk/build-tools/20.0.0:/Users/ani.sinanaj/SparkleShare/dotfiles/bin:/Users/ani.sinanaj/SparkleShare/caffeina/Binaries:/Users/ani.sinanaj/.rvm/bin"
[TRACE]  [xcode-dist]     /Applications/Xcode.app/Contents/Developer/usr/bin/gcc -x objective-c -arch armv7 -fmessage-length=0 -fdiagnostics-show-note-include-stack -fmacro-backtrace-limit=0 -std=c99 -Wno-trigraphs -fpascal-strings -Os -Wno-missing-field-initializers -Wno-missing-prototypes -Wno-return-type -Wno-implicit-atomic-properties -Wno-arc-repeated-use-of-weak -Wno-missing-braces -Wno-parentheses -Wswitch -Wunused-function -Wno-unused-label -Wno-unused-parameter -Wno-unused-variable -Wno-unused-value -Wno-empty-body -Wno-uninitialized -Wno-unknown-pragmas -Wno-shadow -Wno-four-char-constants -Wno-conversion -Wno-constant-conversion -Wno-int-conversion -Wno-bool-conversion -Wno-enum-conversion -Wno-shorten-64-to-32 -Wpointer-sign -Wno-newline-eof -Wno-selector -Wno-strict-selector-match -Wno-undeclared-selector -Wno-deprecated-implementations -DTI_VERSION= -isysroot /Applications/Xcode.app/Contents/Developer/Platforms/iPhoneOS.platform/Developer/SDKs/iPhoneOS10.2.sdk -fstrict-aliasing -Wprotocol -Wdeprecated-declarations -miphoneos-version-min=10.0 -g -Wno-sign-conversion -Wno-infinite-recursion -fembed-bitcode-marker -iquote /Users/ani.sinanaj/Mobile/timaterial/ti.material/iphone/build/ti.material.build/Release-iphoneos/ti.material.build/ti.material-generated-files.hmap -I/Users/ani.sinanaj/Mobile/timaterial/ti.material/iphone/build/ti.material.build/Release-iphoneos/ti.material.build/ti.material-own-target-headers.hmap -I/Users/ani.sinanaj/Mobile/timaterial/ti.material/iphone/build/ti.material.build/Release-iphoneos/ti.material.build/ti.material-all-target-headers.hmap -iquote /Users/ani.sinanaj/Mobile/timaterial/ti.material/iphone/build/ti.material.build/Release-iphoneos/ti.material.build/ti.material-project-headers.hmap -I/Users/ani.sinanaj/Mobile/timaterial/ti.material/iphone/build/Release-iphoneos/include -I/Users/ani.sinanaj/Library/Application\ Support/Titanium/mobilesdk/osx/6.0.0.GA/iphone/include -I/Users/ani.sinanaj/Library/Application\ Support/Titanium/mobilesdk/osx/6.0.0.GA/iphone/include/TiCore -I/Users/ani.sinanaj/Library/Application\ Support/Titanium/mobilesdk/osx/6.0.0.GA/iphone/include/JavaScriptCore -I/Users/ani.sinanaj/Mobile/timaterial/ti.material/iphone/build/ti.material.build/Release-iphoneos/ti.material.build/DerivedSources/armv7 -I/Users/ani.sinanaj/Mobile/timaterial/ti.material/iphone/build/ti.material.build/Release-iphoneos/ti.material.build/DerivedSources -F/Users/ani.sinanaj/Mobile/timaterial/ti.material/iphone/build/Release-iphoneos -DTI_POST_1_2 -include /Users/ani.sinanaj/Mobile/timaterial/ti.material/iphone/build/SharedPrecompiledHeaders/TiMaterial_Prefix-hehaoacmyiceuhdqwbjbyximpzes/TiMaterial_Prefix.pch -MMD -MT dependencies -MF /Users/ani.sinanaj/Mobile/timaterial/ti.material/iphone/build/ti.material.build/Release-iphoneos/ti.material.build/Objects-normal/armv7/TiMaterialButton.d --serialize-diagnostics /Users/ani.sinanaj/Mobile/timaterial/ti.material/iphone/build/ti.material.build/Release-iphoneos/ti.material.build/Objects-normal/armv7/TiMaterialButton.dia -c /Users/ani.sinanaj/Mobile/timaterial/ti.material/iphone/Classes/TiMaterialButton.m -o /Users/ani.sinanaj/Mobile/timaterial/ti.material/iphone/build/ti.material.build/Release-iphoneos/ti.material.build/Objects-normal/armv7/TiMaterialButton.o
[TRACE]  [xcode-sim] In file included from /Users/ani.sinanaj/Mobile/timaterial/ti.material/iphone/Classes/TiMaterialButton.m:9:
[TRACE]  [xcode-sim] In file included from /Users/ani.sinanaj/Mobile/timaterial/ti.material/iphone/Classes/TiMaterialButton.h:10:
[TRACE]  [xcode-sim] /Users/ani.sinanaj/Mobile/timaterial/ti.material/iphone/headers/MDButton.h:44:1: warning: no 'assign', 'retain', or 'copy' attribute is specified - 'assign' is assumed [-Wobjc-property-no-attribute]
[TRACE]  [xcode-sim] @property(null_unspecified, nonatomic) IBInspectable UIColor *rippleColor;
[TRACE]  [xcode-sim] ^
[TRACE]  [xcode-sim] /Users/ani.sinanaj/Mobile/timaterial/ti.material/iphone/headers/MDButton.h:44:1: warning: default property attribute 'assign' not appropriate for non-GC object [-Wobjc-property-no-attribute]
[TRACE]  [xcode-sim] /Users/ani.sinanaj/Mobile/timaterial/ti.material/iphone/headers/MDButton.h:47:1: warning: no 'assign', 'retain', or 'copy' attribute is specified - 'assign' is assumed [-Wobjc-property-no-attribute]
[TRACE]  [xcode-sim] @property(nonatomic) IBInspectable UIImage *imageNormal;
[TRACE]  [xcode-sim] ^
[TRACE]  [xcode-sim] /Users/ani.sinanaj/Mobile/timaterial/ti.material/iphone/headers/MDButton.h:47:1: warning: default property attribute 'assign' not appropriate for non-GC object [-Wobjc-property-no-attribute]
[TRACE]  [xcode-sim] /Users/ani.sinanaj/Mobile/timaterial/ti.material/iphone/headers/MDButton.h:48:1: warning: no 'assign', 'retain', or 'copy' attribute is specified - 'assign' is assumed [-Wobjc-property-no-attribute]
[TRACE]  [xcode-sim] @property(nonatomic) IBInspectable UIImage *imageRotated;
[TRACE]  [xcode-sim] ^
[TRACE]  [xcode-sim] /Users/ani.sinanaj/Mobile/timaterial/ti.material/iphone/headers/MDButton.h:48:1: warning: default property attribute 'assign' not appropriate for non-GC object [-Wobjc-property-no-attribute]
[TRACE]  [xcode-sim] 6 warnings generated.
[TRACE]  [xcode-sim] CompileC build/ti.material.build/Release-iphonesimulator/ti.material.build/Objects-normal/i386/TiMaterialButton.o Classes/TiMaterialButton.m normal i386 objective-c com.apple.compilers.llvm.clang.1_0.compiler
[TRACE]  [xcode-sim]     cd /Users/ani.sinanaj/Mobile/timaterial/ti.material/iphone
[TRACE]  [xcode-sim]     export LANG=en_US.US-ASCII
[TRACE]  [xcode-sim]     export PATH="/Applications/Xcode.app/Contents/Developer/Platforms/iPhoneSimulator.platform/Developer/usr/bin:/Applications/Xcode.app/Contents/Developer/usr/bin:/Users/ani.sinanaj/.rvm/gems/ruby-2.2.0/bin:/Users/ani.sinanaj/.rvm/gems/ruby-2.2.0@global/bin:/Users/ani.sinanaj/.rvm/rubies/ruby-2.2.0/bin::/usr/local/opt/php70/bin:/usr/local/bin:/usr/local/sbin:/usr/bin:/usr/sbin:/usr/texbin:/opt/X11/bin:/bin:/sbin:/Users/ani.sinanaj/Applications/Android/sdk/tools:/Users/ani.sinanaj/Applications/Android/sdk/platform-tools:/Users/ani.sinanaj/Applications/Android/sdk/build-tools/20.0.0:/Users/ani.sinanaj/SparkleShare/dotfiles/bin:/Users/ani.sinanaj/SparkleShare/caffeina/Binaries:/Users/ani.sinanaj/.rvm/bin"
[TRACE]  [xcode-sim]     /Applications/Xcode.app/Contents/Developer/usr/bin/gcc -x objective-c -arch i386 -fmessage-length=0 -fdiagnostics-show-note-include-stack -fmacro-backtrace-limit=0 -std=c99 -Wno-trigraphs -fpascal-strings -Os -Wno-missing-field-initializers -Wno-missing-prototypes -Wno-return-type -Wno-implicit-atomic-properties -Wno-arc-repeated-use-of-weak -Wno-missing-braces -Wno-parentheses -Wswitch -Wunused-function -Wno-unused-label -Wno-unused-parameter -Wno-unused-variable -Wno-unused-value -Wno-empty-body -Wno-uninitialized -Wno-unknown-pragmas -Wno-shadow -Wno-four-char-constants -Wno-conversion -Wno-constant-conversion -Wno-int-conversion -Wno-bool-conversion -Wno-enum-conversion -Wno-shorten-64-to-32 -Wpointer-sign -Wno-newline-eof -Wno-selector -Wno-strict-selector-match -Wno-undeclared-selector -Wno-deprecated-implementations -DTI_VERSION= -isysroot /Applications/Xcode.app/Contents/Developer/Platforms/iPhoneSimulator.platform/Developer/SDKs/iPhoneSimulator10.2.sdk -fasm-blocks -fstrict-aliasing -Wprotocol -Wdeprecated-declarations -mios-simulator-version-min=10.0 -g -Wno-sign-conversion -Wno-infinite-recursion -fobjc-abi-version=2 -fobjc-legacy-dispatch -iquote /Users/ani.sinanaj/Mobile/timaterial/ti.material/iphone/build/ti.material.build/Release-iphonesimulator/ti.material.build/ti.material-generated-files.hmap -I/Users/ani.sinanaj/Mobile/timaterial/ti.material/iphone/build/ti.material.build/Release-iphonesimulator/ti.material.build/ti.material-own-target-headers.hmap -I/Users/ani.sinanaj/Mobile/timaterial/ti.material/iphone/build/ti.material.build/Release-iphonesimulator/ti.material.build/ti.material-all-target-headers.hmap -iquote /Users/ani.sinanaj/Mobile/timaterial/ti.material/iphone/build/ti.material.build/Release-iphonesimulator/ti.material.build/ti.material-project-headers.hmap -I/Users/ani.sinanaj/Mobile/timaterial/ti.material/iphone/build/Release-iphonesimulator/include -I/Users/ani.sinanaj/Library/Application\ Support/Titanium/mobilesdk/osx/6.0.0.GA/iphone/include -I/Users/ani.sinanaj/Library/Application\ Support/Titanium/mobilesdk/osx/6.0.0.GA/iphone/include/TiCore -I/Users/ani.sinanaj/Library/Application\ Support/Titanium/mobilesdk/osx/6.0.0.GA/iphone/include/JavaScriptCore -I/Users/ani.sinanaj/Mobile/timaterial/ti.material/iphone/build/ti.material.build/Release-iphonesimulator/ti.material.build/DerivedSources/i386 -I/Users/ani.sinanaj/Mobile/timaterial/ti.material/iphone/build/ti.material.build/Release-iphonesimulator/ti.material.build/DerivedSources -F/Users/ani.sinanaj/Mobile/timaterial/ti.material/iphone/build/Release-iphonesimulator -DTI_POST_1_2 -include /Users/ani.sinanaj/Mobile/timaterial/ti.material/iphone/build/SharedPrecompiledHeaders/TiMaterial_Prefix-cmthsrmwgyixregmirvzjyjjjzhg/TiMaterial_Prefix.pch -MMD -MT dependencies -MF /Users/ani.sinanaj/Mobile/timaterial/ti.material/iphone/build/ti.material.build/Release-iphonesimulator/ti.material.build/Objects-normal/i386/TiMaterialButton.d --serialize-diagnostics /Users/ani.sinanaj/Mobile/timaterial/ti.material/iphone/build/ti.material.build/Release-iphonesimulator/ti.material.build/Objects-normal/i386/TiMaterialButton.dia -c /Users/ani.sinanaj/Mobile/timaterial/ti.material/iphone/Classes/TiMaterialButton.m -o /Users/ani.sinanaj/Mobile/timaterial/ti.material/iphone/build/ti.material.build/Release-iphonesimulator/ti.material.build/Objects-normal/i386/TiMaterialButton.o
[TRACE]  [xcode-sim] In file included from /Users/ani.sinanaj/Mobile/timaterial/ti.material/iphone/Classes/TiMaterialButton.m:9:
[TRACE]  [xcode-sim] In file included from /Users/ani.sinanaj/Mobile/timaterial/ti.material/iphone/Classes/TiMaterialButton.h:10:
[TRACE]  [xcode-sim] /Users/ani.sinanaj/Mobile/timaterial/ti.material/iphone/headers/MDButton.h:44:1: warning: no 'assign', 'retain', or 'copy' attribute is specified - 'assign' is assumed [-Wobjc-property-no-attribute]
[TRACE]  [xcode-sim] @property(null_unspecified, nonatomic) IBInspectable UIColor *rippleColor;
[TRACE]  [xcode-sim] ^
[TRACE]  [xcode-sim] /Users/ani.sinanaj/Mobile/timaterial/ti.material/iphone/headers/MDButton.h:44:1: warning: default property attribute 'assign' not appropriate for non-GC object [-Wobjc-property-no-attribute]
[TRACE]  [xcode-sim] /Users/ani.sinanaj/Mobile/timaterial/ti.material/iphone/headers/MDButton.h:47:1: warning: no 'assign', 'retain', or 'copy' attribute is specified - 'assign' is assumed [-Wobjc-property-no-attribute]
[TRACE]  [xcode-sim] @property(nonatomic) IBInspectable UIImage *imageNormal;
[TRACE]  [xcode-sim] ^
[TRACE]  [xcode-sim] /Users/ani.sinanaj/Mobile/timaterial/ti.material/iphone/headers/MDButton.h:47:1: warning: default property attribute 'assign' not appropriate for non-GC object [-Wobjc-property-no-attribute]
[TRACE]  [xcode-sim] /Users/ani.sinanaj/Mobile/timaterial/ti.material/iphone/headers/MDButton.h:48:1: warning: no 'assign', 'retain', or 'copy' attribute is specified - 'assign' is assumed [-Wobjc-property-no-attribute]
[TRACE]  [xcode-sim] @property(nonatomic) IBInspectable UIImage *imageRotated;
[TRACE]  [xcode-sim] ^
[TRACE]  [xcode-sim] /Users/ani.sinanaj/Mobile/timaterial/ti.material/iphone/headers/MDButton.h:48:1: warning: default property attribute 'assign' not appropriate for non-GC object [-Wobjc-property-no-attribute]
[TRACE]  [xcode-sim] 6 warnings generated.
[TRACE]  [xcode-dist] In file included from /Users/ani.sinanaj/Mobile/timaterial/ti.material/iphone/Classes/TiMaterialButton.m:9:
[TRACE]  [xcode-dist] In file included from /Users/ani.sinanaj/Mobile/timaterial/ti.material/iphone/Classes/TiMaterialButton.h:10:
[TRACE]  [xcode-dist] /Users/ani.sinanaj/Mobile/timaterial/ti.material/iphone/headers/MDButton.h:44:1: warning: no 'assign', 'retain', or 'copy' attribute is specified - 'assign' is assumed [-Wobjc-property-no-attribute]
[TRACE]  [xcode-dist] @property(null_unspecified, nonatomic) IBInspectable UIColor *rippleColor;
[TRACE]  [xcode-dist] ^
[TRACE]  [xcode-dist] /Users/ani.sinanaj/Mobile/timaterial/ti.material/iphone/headers/MDButton.h:44:1: warning: default property attribute 'assign' not appropriate for non-GC object [-Wobjc-property-no-attribute]
[TRACE]  [xcode-dist] /Users/ani.sinanaj/Mobile/timaterial/ti.material/iphone/headers/MDButton.h:47:1: warning: no 'assign', 'retain', or 'copy' attribute is specified - 'assign' is assumed [-Wobjc-property-no-attribute]
[TRACE]  [xcode-dist] @property(nonatomic) IBInspectable UIImage *imageNormal;
[TRACE]  [xcode-dist] ^
[TRACE]  [xcode-dist] /Users/ani.sinanaj/Mobile/timaterial/ti.material/iphone/headers/MDButton.h:47:1: warning: default property attribute 'assign' not appropriate for non-GC object [-Wobjc-property-no-attribute]
[TRACE]  [xcode-dist] /Users/ani.sinanaj/Mobile/timaterial/ti.material/iphone/headers/MDButton.h:48:1: warning: no 'assign', 'retain', or 'copy' attribute is specified - 'assign' is assumed [-Wobjc-property-no-attribute]
[TRACE]  [xcode-dist] @property(nonatomic) IBInspectable UIImage *imageRotated;
[TRACE]  [xcode-dist] ^
[TRACE]  [xcode-dist] /Users/ani.sinanaj/Mobile/timaterial/ti.material/iphone/headers/MDButton.h:48:1: warning: default property attribute 'assign' not appropriate for non-GC object [-Wobjc-property-no-attribute]
[TRACE]  [xcode-dist] 6 warnings generated.
[TRACE]  [xcode-dist] CompileC build/ti.material.build/Release-iphoneos/ti.material.build/Objects-normal/armv7/TiMaterialModuleAssets.o Classes/TiMaterialModuleAssets.m normal armv7 objective-c com.apple.compilers.llvm.clang.1_0.compiler
[TRACE]  [xcode-dist]     cd /Users/ani.sinanaj/Mobile/timaterial/ti.material/iphone
[TRACE]  [xcode-dist]     export LANG=en_US.US-ASCII
[TRACE]  [xcode-dist]     export PATH="/Applications/Xcode.app/Contents/Developer/Platforms/iPhoneOS.platform/Developer/usr/bin:/Applications/Xcode.app/Contents/Developer/usr/bin:/Users/ani.sinanaj/.rvm/gems/ruby-2.2.0/bin:/Users/ani.sinanaj/.rvm/gems/ruby-2.2.0@global/bin:/Users/ani.sinanaj/.rvm/rubies/ruby-2.2.0/bin::/usr/local/opt/php70/bin:/usr/local/bin:/usr/local/sbin:/usr/bin:/usr/sbin:/usr/texbin:/opt/X11/bin:/bin:/sbin:/Users/ani.sinanaj/Applications/Android/sdk/tools:/Users/ani.sinanaj/Applications/Android/sdk/platform-tools:/Users/ani.sinanaj/Applications/Android/sdk/build-tools/20.0.0:/Users/ani.sinanaj/SparkleShare/dotfiles/bin:/Users/ani.sinanaj/SparkleShare/caffeina/Binaries:/Users/ani.sinanaj/.rvm/bin"
[TRACE]  [xcode-dist]     /Applications/Xcode.app/Contents/Developer/usr/bin/gcc -x objective-c -arch armv7 -fmessage-length=0 -fdiagnostics-show-note-include-stack -fmacro-backtrace-limit=0 -std=c99 -Wno-trigraphs -fpascal-strings -Os -Wno-missing-field-initializers -Wno-missing-prototypes -Wno-return-type -Wno-implicit-atomic-properties -Wno-arc-repeated-use-of-weak -Wno-missing-braces -Wno-parentheses -Wswitch -Wunused-function -Wno-unused-label -Wno-unused-parameter -Wno-unused-variable -Wno-unused-value -Wno-empty-body -Wno-uninitialized -Wno-unknown-pragmas -Wno-shadow -Wno-four-char-constants -Wno-conversion -Wno-constant-conversion -Wno-int-conversion -Wno-bool-conversion -Wno-enum-conversion -Wno-shorten-64-to-32 -Wpointer-sign -Wno-newline-eof -Wno-selector -Wno-strict-selector-match -Wno-undeclared-selector -Wno-deprecated-implementations -DTI_VERSION= -isysroot /Applications/Xcode.app/Contents/Developer/Platforms/iPhoneOS.platform/Developer/SDKs/iPhoneOS10.2.sdk -fstrict-aliasing -Wprotocol -Wdeprecated-declarations -miphoneos-version-min=10.0 -g -Wno-sign-conversion -Wno-infinite-recursion -fembed-bitcode-marker -iquote /Users/ani.sinanaj/Mobile/timaterial/ti.material/iphone/build/ti.material.build/Release-iphoneos/ti.material.build/ti.material-generated-files.hmap -I/Users/ani.sinanaj/Mobile/timaterial/ti.material/iphone/build/ti.material.build/Release-iphoneos/ti.material.build/ti.material-own-target-headers.hmap -I/Users/ani.sinanaj/Mobile/timaterial/ti.material/iphone/build/ti.material.build/Release-iphoneos/ti.material.build/ti.material-all-target-headers.hmap -iquote /Users/ani.sinanaj/Mobile/timaterial/ti.material/iphone/build/ti.material.build/Release-iphoneos/ti.material.build/ti.material-project-headers.hmap -I/Users/ani.sinanaj/Mobile/timaterial/ti.material/iphone/build/Release-iphoneos/include -I/Users/ani.sinanaj/Library/Application\ Support/Titanium/mobilesdk/osx/6.0.0.GA/iphone/include -I/Users/ani.sinanaj/Library/Application\ Support/Titanium/mobilesdk/osx/6.0.0.GA/iphone/include/TiCore -I/Users/ani.sinanaj/Library/Application\ Support/Titanium/mobilesdk/osx/6.0.0.GA/iphone/include/JavaScriptCore -I/Users/ani.sinanaj/Mobile/timaterial/ti.material/iphone/build/ti.material.build/Release-iphoneos/ti.material.build/DerivedSources/armv7 -I/Users/ani.sinanaj/Mobile/timaterial/ti.material/iphone/build/ti.material.build/Release-iphoneos/ti.material.build/DerivedSources -F/Users/ani.sinanaj/Mobile/timaterial/ti.material/iphone/build/Release-iphoneos -DTI_POST_1_2 -include /Users/ani.sinanaj/Mobile/timaterial/ti.material/iphone/build/SharedPrecompiledHeaders/TiMaterial_Prefix-hehaoacmyiceuhdqwbjbyximpzes/TiMaterial_Prefix.pch -MMD -MT dependencies -MF /Users/ani.sinanaj/Mobile/timaterial/ti.material/iphone/build/ti.material.build/Release-iphoneos/ti.material.build/Objects-normal/armv7/TiMaterialModuleAssets.d --serialize-diagnostics /Users/ani.sinanaj/Mobile/timaterial/ti.material/iphone/build/ti.material.build/Release-iphoneos/ti.material.build/Objects-normal/armv7/TiMaterialModuleAssets.dia -c /Users/ani.sinanaj/Mobile/timaterial/ti.material/iphone/Classes/TiMaterialModuleAssets.m -o /Users/ani.sinanaj/Mobile/timaterial/ti.material/iphone/build/ti.material.build/Release-iphoneos/ti.material.build/Objects-normal/armv7/TiMaterialModuleAssets.o
[TRACE]  [xcode-dist] CompileC build/ti.material.build/Release-iphoneos/ti.material.build/Objects-normal/armv7/TiMaterialSwitch.o Classes/TiMaterialSwitch.m normal armv7 objective-c com.apple.compilers.llvm.clang.1_0.compiler
[TRACE]  [xcode-dist]     cd /Users/ani.sinanaj/Mobile/timaterial/ti.material/iphone
[TRACE]  [xcode-dist]     export LANG=en_US.US-ASCII
[TRACE]  [xcode-dist]     export PATH="/Applications/Xcode.app/Contents/Developer/Platforms/iPhoneOS.platform/Developer/usr/bin:/Applications/Xcode.app/Contents/Developer/usr/bin:/Users/ani.sinanaj/.rvm/gems/ruby-2.2.0/bin:/Users/ani.sinanaj/.rvm/gems/ruby-2.2.0@global/bin:/Users/ani.sinanaj/.rvm/rubies/ruby-2.2.0/bin::/usr/local/opt/php70/bin:/usr/local/bin:/usr/local/sbin:/usr/bin:/usr/sbin:/usr/texbin:/opt/X11/bin:/bin:/sbin:/Users/ani.sinanaj/Applications/Android/sdk/tools:/Users/ani.sinanaj/Applications/Android/sdk/platform-tools:/Users/ani.sinanaj/Applications/Android/sdk/build-tools/20.0.0:/Users/ani.sinanaj/SparkleShare/dotfiles/bin:/Users/ani.sinanaj/SparkleShare/caffeina/Binaries:/Users/ani.sinanaj/.rvm/bin"
[TRACE]  [xcode-dist]     /Applications/Xcode.app/Contents/Developer/usr/bin/gcc -x objective-c -arch armv7 -fmessage-length=0 -fdiagnostics-show-note-include-stack -fmacro-backtrace-limit=0 -std=c99 -Wno-trigraphs -fpascal-strings -Os -Wno-missing-field-initializers -Wno-missing-prototypes -Wno-return-type -Wno-implicit-atomic-properties -Wno-arc-repeated-use-of-weak -Wno-missing-braces -Wno-parentheses -Wswitch -Wunused-function -Wno-unused-label -Wno-unused-parameter -Wno-unused-variable -Wno-unused-value -Wno-empty-body -Wno-uninitialized -Wno-unknown-pragmas -Wno-shadow -Wno-four-char-constants -Wno-conversion -Wno-constant-conversion -Wno-int-conversion -Wno-bool-conversion -Wno-enum-conversion -Wno-shorten-64-to-32 -Wpointer-sign -Wno-newline-eof -Wno-selector -Wno-strict-selector-match -Wno-undeclared-selector -Wno-deprecated-implementations -DTI_VERSION= -isysroot /Applications/Xcode.app/Contents/Developer/Platforms/iPhoneOS.platform/Developer/SDKs/iPhoneOS10.2.sdk -fstrict-aliasing -Wprotocol -Wdeprecated-declarations -miphoneos-version-min=10.0 -g -Wno-sign-conversion -Wno-infinite-recursion -fembed-bitcode-marker -iquote /Users/ani.sinanaj/Mobile/timaterial/ti.material/iphone/build/ti.material.build/Release-iphoneos/ti.material.build/ti.material-generate
[TRACE]  [xcode-sim] CompileC build/ti.material.build/Release-iphonesimulator/ti.material.build/Objects-normal/x86_64/TiMaterialSwitch.o Classes/TiMaterialSwitch.m normal x86_64 objective-c com.apple.compilers.llvm.clang.1_0.compiler
[TRACE]  [xcode-sim]     cd /Users/ani.sinanaj/Mobile/timaterial/ti.material/iphone
[TRACE]  [xcode-sim]     export LANG=en_US.US-ASCII
[TRACE]  [xcode-sim]     export PATH="/Applications/Xcode.app/Contents/Developer/Platforms/iPhoneSimulator.platform/Developer/usr/bin:/Applications/Xcode.app/Contents/Developer/usr/bin:/Users/ani.sinanaj/.rvm/gems/ruby-2.2.0/bin:/Users/ani.sinanaj/.rvm/gems/ruby-2.2.0@global/bin:/Users/ani.sinanaj/.rvm/rubies/ruby-2.2.0/bin::/usr/local/opt/php70/bin:/usr/local/bin:/usr/local/sbin:/usr/bin:/usr/sbin:/usr/texbin:/opt/X11/bin:/bin:/sbin:/Users/ani.sinanaj/Applications/Android/sdk/tools:/Users/ani.sinanaj/Applications/Android/sdk/platform-tools:/Users/ani.sinanaj/Applications/Android/sdk/build-tools/20.0.0:/Users/ani.sinanaj/SparkleShare/dotfiles/bin:/Users/ani.sinanaj/SparkleShare/caffeina/Binaries:/Users/ani.sinanaj/.rvm/bin"
[TRACE]  [xcode-sim]     /Applications/Xcode.app/Contents/Developer/usr/bin/gcc -x objective-c -arch x86_64 -fmessage-length=0 -fdiagnostics-show-note-include-stack -fmacro-backtrace-limit=0 -std=c99 -Wno-trigraphs -fpascal-strings -Os -Wno-missing-field-initializers -Wno-missing-prototypes -Wno-return-type -Wno-implicit-atomic-properties -Wno-arc-repeated-use-of-weak -Wno-missing-braces -Wno-parentheses -Wswitch -Wunused-function -Wno-unused-label -Wno-unused-parameter -Wno-unused-variable -Wno-unused-value -Wno-empty-body -Wno-uninitialized -Wno-unknown-pragmas -Wno-shadow -Wno-four-char-constants -Wno-conversion -Wno-constant-conversion -Wno-int-conversion -Wno-bool-conversion -Wno-enum-conversion -Wshorten-64-to-32 -Wpointer-sign -Wno-newline-eof -Wno-selector -Wno-strict-selector-match -Wno-undeclared-selector -Wno-deprecated-implementations -DTI_VERSION= -isysroot /Applications/Xcode.app/Contents/Developer/Platforms/iPhoneSimulator.platform/Developer/SDKs/iPhoneSimulator10.2.sdk -fasm-blocks -fstrict-aliasing -Wprotocol -Wdeprecated-declarations -mios-simulator-version-min=10.0 -g -Wno-sign-conversion -Wno-infinite-recursion -fobjc-abi-version=2 -fobjc-legacy-dispatch -iquote /Users/ani.sinanaj/Mobile/timaterial/ti.material/iphone/build/ti.material.build/Release-iphonesimulator/ti.material.build/ti.material-generated-files.hmap -I/Users/ani.sinanaj/Mobile/timaterial/ti.material/iphone/build/ti.material.build/Release-iphonesimulator/ti.material.build/ti.material-own-target-headers.hmap -I/Users/ani.sinanaj/Mobile/timaterial/ti.material/iphone/build/ti.material.build/Release-iphonesimulator/ti.material.build/ti.material-all-target-headers.hmap -iquote /Users/ani.sinanaj/Mobile/timaterial/ti.material/iphone/build/ti.material.build/Release-iphonesimulator/ti.material.build/ti.material-project-headers.hmap -I/Users/ani.sinanaj/Mobile/timaterial/ti.material/iphone/build/Release-iphonesimulator/include -I/Users/ani.sinanaj/Library/Application\ Support/Titanium/mobilesdk/osx/6.0.0.GA/iphone/include -I/Users/ani.sinanaj/Library/Application\ Support/Titanium/mobilesdk/osx/6.0.0.GA/iphone/include/TiCore -I/Users/ani.sinanaj/Library/Application\ Support/Titanium/mobilesdk/osx/6.0.0.GA/iphone/include/JavaScriptCore -I/Users/ani.sinanaj/Mobile/timaterial/ti.material/iphone/build/ti.material.build/Release-iphonesimulator/ti.material.build/DerivedSources/x86_64 -I/Users/ani.sinanaj/Mobile/timaterial/ti.material/iphone/build/ti.material.build/Release-iphonesimulator/ti.material.build/DerivedSources -F/Users/ani.sinanaj/Mobile/timaterial/ti.material/iphone/build/Release-iphonesimulator -DTI_POST_1_2 -include /Users/ani.sinanaj/Mobile/timaterial/ti.material/iphone/build/SharedPrecompiledHeaders/TiMaterial_Prefix-azpogxuatvenypfwkxyvpimtgxcj/TiMaterial_Prefix.pch -MMD -MT dependencies -MF /Users/ani.sinanaj/Mobile/timaterial/ti.material/iphone/build/ti.material.build/Release-iphonesimulator/ti.material.build/Objects-normal/x86_64/TiMaterialSwitch.d --serialize-diagnostics /Users/ani.sinanaj/Mobile/timaterial/ti.material/iphone/build/ti.material.build/Release-iphonesimulator/ti.material.build/Objects-normal/x86_64/TiMaterialSwitch.dia -c /Users/ani.sinanaj/Mobile/timaterial/ti.material/iphone/Classes/TiMaterialSwitch.m -o /Users/ani.sinanaj/Mobile/timaterial/ti.material/iphone/build/ti.material.build/Release-iphonesimulator/ti.material.build/Objects-normal/x86_64/TiMaterialSwitch.o
[TRACE]  [xcode-sim] In file included from /Users/ani.sinanaj/Mobile/timaterial/ti.material/iphone/Classes/TiMaterialSwitch.m:9:
[TRACE]  [xcode-sim] In file included from /Users/ani.sinanaj/Mobile/timaterial/ti.material/iphone/Classes/TiMaterialSwitch.h:11:
[TRACE]  [xcode-sim] /Users/ani.sinanaj/Mobile/timaterial/ti.material/iphone/headers/MDSwitch.h:29:1: warning: no 'assign', 'retain', or 'copy' attribute is specified - 'assign' is assumed [-Wobjc-property-no-attribute]
[TRACE]  [xcode-sim] @property(nonatomic) IBInspectable UIColor *thumbOn;
[TRACE]  [xcode-sim] ^
[TRACE]  [xcode-sim] /Users/ani.sinanaj/Mobile/timaterial/ti.material/iphone/headers/MDSwitch.h:29:1: warning: default property attribute 'assign' not appropriate for non-GC object [-Wobjc-property-no-attribute]
[TRACE]  [xcode-sim] /Users/ani.sinanaj/Mobile/timaterial/ti.material/iphone/headers/MDSwitch.h:30:1: warning: no 'assign', 'retain', or 'copy' attribute is specified - 'assign' is assumed [-Wobjc-property-no-attribute]
[TRACE]  [xcode-sim] @property(nonatomic) IBInspectable UIColor *trackOn;
[TRACE]  [xcode-sim] ^
[TRACE]  [xcode-sim] /Users/ani.sinanaj/Mobile/timaterial/ti.material/iphone/headers/MDSwitch.h:30:1: warning: default property attribute 'assign' not appropriate for non-GC object [-Wobjc-property-no-attribute]
[TRACE]  [xcode-sim] /Users/ani.sinanaj/Mobile/timaterial/ti.material/iphone/headers/MDSwitch.h:31:1: warning: no 'assign', 'retain', or 'copy' attribute is specified - 'assign' is assumed [-Wobjc-property-no-attribute]
[TRACE]  [xcode-sim] @property(nonatomic) IBInspectable UIColor *thumbOff;
[TRACE]  [xcode-sim] ^
[TRACE]  [xcode-sim] /Users/ani.sinanaj/Mobile/timaterial/ti.material/iphone/headers/MDSwitch.h:31:1: warning: default property attribute 'assign' not appropriate for non-GC object [-Wobjc-property-no-attribute]
[TRACE]  [xcode-sim] /Users/ani.sinanaj/Mobile/timaterial/ti.material/iphone/headers/MDSwitch.h:32:1: warning: no 'assign', 'retain', or 'copy' attribute is specified - 'assign' is assumed [-Wobjc-property-no-attribute]
[TRACE]  [xcode-sim] @property(nonatomic) IBInspectable UIColor *trackOff;
[TRACE]  [xcode-sim] ^
[TRACE]  [xcode-sim] /Users/ani.sinanaj/Mobile/timaterial/ti.material/iphone/headers/MDSwitch.h:32:1: warning: default property attribute 'assign' not appropriate for non-GC object [-Wobjc-property-no-attribute]
[TRACE]  [xcode-sim] /Users/ani.sinanaj/Mobile/timaterial/ti.material/iphone/headers/MDSwitch.h:33:1: warning: no 'assign', 'retain', or 'copy' attribute is specified - 'assign' is assumed [-Wobjc-property-no-attribute]
[TRACE]  [xcode-sim] @property(nonatomic) IBInspectable UIColor *thumbDisabled;
[TRACE]  [xcode-sim] ^
[TRACE]  [xcode-sim] /Users/ani.sinanaj/Mobile/timaterial/ti.material/iphone/headers/MDSwitch.h:33:1: warning: default property attribute 'assign' not appropriate for non-GC object [-Wobjc-property-no-attribute]
[TRACE]  [xcode-sim] /Users/ani.sinanaj/Mobile/timaterial/ti.material/iphone/headers/MDSwitch.h:34:1: warning: no 'assign', 'retain', or 'copy' attribute is specified - 'assign' is assumed [-Wobjc-property-no-attribute]
[TRACE]  [xcode-sim] @property(nonatomic) IBInspectable UIColor *trackDisabled;
[TRACE]  [xcode-sim] ^
[TRACE]  [xcode-sim] /Users/ani.sinanaj/Mobile/timaterial/ti.material/iphone/headers/MDSwitch.h:34:1: warning: default property attribute 'assign' not appropriate for non-GC object [-Wobjc-property-no-attribute]
[TRACE]  [xcode-sim] 12 warnings generated.
[TRACE]  [xcode-dist] d-files.hmap -I/Users/ani.sinanaj/Mobile/timaterial/ti.material/iphone/build/ti.material.build/Release-iphoneos/ti.material.build/ti.material-own-target-headers.hmap -I/Users/ani.sinanaj/Mobile/timaterial/ti.material/iphone/build/ti.material.build/Release-iphoneos/ti.material.build/ti.material-all-target-headers.hmap -iquote /Users/ani.sinanaj/Mobile/timaterial/ti.material/iphone/build/ti.material.build/Release-iphoneos/ti.material.build/ti.material-project-headers.hmap -I/Users/ani.sinanaj/Mobile/timaterial/ti.material/iphone/build/Release-iphoneos/include -I/Users/ani.sinanaj/Library/Application\ Support/Titanium/mobilesdk/osx/6.0.0.GA/iphone/include -I/Users/ani.sinanaj/Library/Application\ Support/Titanium/mobilesdk/osx/6.0.0.GA/iphone/include/TiCore -I/Users/ani.sinanaj/Library/Application\ Support/Titanium/mobilesdk/osx/6.0.0.GA/iphone/include/JavaScriptCore -I/Users/ani.sinanaj/Mobile/timaterial/ti.material/iphone/build/ti.material.build/Release-iphoneos/ti.material.build/DerivedSources/armv7 -I/Users/ani.sinanaj/Mobile/timaterial/ti.material/iphone/build/ti.material.build/Release-iphoneos/ti.material.build/DerivedSources -F/Users/ani.sinanaj/Mobile/timaterial/ti.material/iphone/build/Release-iphoneos -DTI_POST_1_2 -include /Users/ani.sinanaj/Mobile/timaterial/ti.material/iphone/build/SharedPrecompiledHeaders/TiMaterial_Prefix-hehaoacmyiceuhdqwbjbyximpzes/TiMaterial_Prefix.pch -MMD -MT dependencies -MF /Users/ani.sinanaj/Mobile/timaterial/ti.material/iphone/build/ti.material.build/Release-iphoneos/ti.material.build/Objects-normal/armv7/TiMaterialSwitch.d --serialize-diagnostics /Users/ani.sinanaj/Mobile/timaterial/ti.material/iphone/build/ti.material.build/Release-iphoneos/ti.material.build/Objects-normal/armv7/TiMaterialSwitch.dia -c /Users/ani.sinanaj/Mobile/timaterial/ti.material/iphone/Classes/TiMaterialSwitch.m -o /Users/ani.sinanaj/Mobile/timaterial/ti.material/iphone/build/ti.material.build/Release-iphoneos/ti.material.build/Objects-normal/armv7/TiMaterialSwitch.o
[TRACE]  [xcode-dist] In file included from /Users/ani.sinanaj/Mobile/timaterial/ti.material/iphone/Classes/TiMaterialSwitch.m:9:
[TRACE]  [xcode-dist] In file included from /Users/ani.sinanaj/Mobile/timaterial/ti.material/iphone/Classes/TiMaterialSwitch.h:11:
[TRACE]  [xcode-dist] /Users/ani.sinanaj/Mobile/timaterial/ti.material/iphone/headers/MDSwitch.h:29:1: warning: no 'assign', 'retain', or 'copy' attribute is specified - 'assign' is assumed [-Wobjc-property-no-attribute]
[TRACE]  [xcode-dist] @property(nonatomic) IBInspectable UIColor *thumbOn;
[TRACE]  [xcode-dist] ^
[TRACE]  [xcode-dist] /Users/ani.sinanaj/Mobile/timaterial/ti.material/iphone/headers/MDSwitch.h:29:1: warning: default property attribute 'assign' not appropriate for non-GC object [-Wobjc-property-no-attribute]
[TRACE]  [xcode-dist] /Users/ani.sinanaj/Mobile/timaterial/ti.material/iphone/headers/MDSwitch.h:30:1: warning: no 'assign', 'retain', or 'copy' attribute is specified - 'assign' is assumed [-Wobjc-property-no-attribute]
[TRACE]  [xcode-dist] @property(nonatomic) IBInspectable UIColor *trackOn;
[TRACE]  [xcode-dist] ^
[TRACE]  [xcode-dist] /Users/ani.sinanaj/Mobile/timaterial/ti.material/iphone/headers/MDSwitch.h:30:1: warning: default property attribute 'assign' not appropriate for non-GC object [-Wobjc-property-no-attribute]
[TRACE]  [xcode-dist] /Users/ani.sinanaj/Mobile/timaterial/ti.material/iphone/headers/MDSwitch.h:31:1: warning: no 'assign', 'retain', or 'copy' attribute is specified - 'assign' is assumed [-Wobjc-property-no-attribute]
[TRACE]  [xcode-dist] @property(nonatomic) IBInspectable UIColor *thumbOff;
[TRACE]  [xcode-dist] ^
[TRACE]  [xcode-dist] /Users/ani.sinanaj/Mobile/timaterial/ti.material/iphone/headers/MDSwitch.h:31:1: warning: default property attribute 'assign' not appropriate for non-GC object [-Wobjc-property-no-attribute]
[TRACE]  [xcode-dist] /Users/ani.sinanaj/Mobile/timaterial/ti.material/iphone/headers/MDSwitch.h:32:1: warning: no 'assign', 'retain', or 'copy' attribute is specified - 'assign' is assumed [-Wobjc-property-no-attribute]
[TRACE]  [xcode-dist] @property(nonatomic) IBInspectable UIColor *trackOff;
[TRACE]  [xcode-dist] ^
[TRACE]  [xcode-dist] /Users/ani.sinanaj/Mobile/timaterial/ti.material/iphone/headers/MDSwitch.h:32:1: warning: default property attribute 'assign' not appropriate for non-GC object [-Wobjc-property-no-attribute]
[TRACE]  [xcode-dist] /Users/ani.sinanaj/Mobile/timaterial/ti.material/iphone/headers/MDSwitch.h:33:1: warning: no 'assign', 'retain', or 'copy' attribute is specified - 'assign' is assumed [-Wobjc-property-no-attribute]
[TRACE]  [xcode-dist] @property(nonatomic) IBInspectable UIColor *thumbDisabled;
[TRACE]  [xcode-dist] ^
[TRACE]  [xcode-dist] /Users/ani.sinanaj/Mobile/timaterial/ti.material/iphone/headers/MDSwitch.h:33:1: warning: default property attribute 'assign' not appropriate for non-GC object [-Wobjc-property-no-attribute]
[TRACE]  [xcode-dist] /Users/ani.sinanaj/Mobile/timaterial/ti.material/iphone/headers/MDSwitch.h:34:1: warning: no 'assign', 'retain', or 'copy' attribute is specified - 'assign' is assumed [-Wobjc-property-no-attribute]
[TRACE]  [xcode-dist] @property(nonatomic) IBInspectable UIColor *trackDisabled;
[TRACE]  [xcode-dist] ^
[TRACE]  [xcode-dist] /Users/ani.sinanaj/Mobile/timaterial/ti.material/iphone/headers/MDSwitch.h:34:1: warning: default property attribute 'assign' not appropriate for non-GC object [-Wobjc-property-no-attribute]
[TRACE]  [xcode-dist] 12 warnings generated.
[TRACE]  [xcode-dist] CompileC build/ti.material.build/Release-iphoneos/ti.material.build/Objects-normal/arm64/TiMaterialSwitch.o Classes/TiMaterialSwitch.m normal arm64 objective-c com.apple.compilers.llvm.clang.1_0.compiler
[TRACE]  [xcode-dist]     cd /Users/ani.sinanaj/Mobile/timaterial/ti.material/iphone
[TRACE]  [xcode-dist]     export LANG=en_US.US-ASCII
[TRACE]  [xcode-dist]     export PATH="/Applications/Xcode.app/Contents/Developer/Platforms/iPhoneOS.platform/Developer/usr/bin:/Applications/Xcode.app/Contents/Developer/usr/bin:/Users/ani.sinanaj/.rvm/gems/ruby-2.2.0/bin:/Users/ani.sinanaj/.rvm/gems/ruby-2.2.0@global/bin:/Users/ani.sinanaj/.rvm/rubies/ruby-2.2.0/bin::/usr/local/opt/php70/bin:/usr/local/bin:/usr/local/sbin:/usr/bin:/usr/sbin:/usr/texbin:/opt/X11/bin:/bin:/sbin:/Users/ani.sinanaj/Applications/Android/sdk/tools:/Users/ani.sinanaj/Applications/Android/sdk/platform-tools:/Users/ani.sinanaj/Applications/Android/sdk/build-tools/20.0.0:/Users/ani.sinanaj/SparkleShare/dotfiles/bin:/Users/ani.sinanaj/SparkleShare/caffeina/Binaries:/Users/ani.sinanaj/.rvm/bin"
[TRACE]  [xcode-dist]     /Applications/Xcode.app/Contents/Developer/usr/bin/gcc -x objective-c -arch arm64 -fmessage-length=0 -fdiagnostics-show-note-include-stack -fmacro-backtrace-limit=0 -std=c99 -Wno-trigraphs -fpascal-strings -Os -Wno-missing-field-initializers -Wno-missing-prototypes -Wno-return-type -Wno-implicit-atomic-properties -Wno-arc-repeated-use-of-weak -Wno-missing-braces -Wno-parentheses -Wswitch -Wunused-function -Wno-unused-label -Wno-unused-parameter -Wno-unused-variable -Wno-unused-value -Wno-empty-body -Wno-uninitialized -Wno-unknown-pragmas -Wno-shadow -Wno-four-char-constants -Wno-conversion -Wno-constant-conversion -Wno-int-conversion -Wno-bool-conversion -Wno-enum-conversion -Wshorten-64-to-32 -Wpointer-sign -Wno-newline-eof -Wno-selector -Wno-strict-selector-match -Wno-undeclared-selector -Wno-deprecated-implementations -DTI_VERSION= -isysroot /Applications/Xcode.app/Contents/Developer/Platforms/iPhoneOS.platform/Developer/SDKs/iPhoneOS10.2.sdk -fstrict-aliasing -Wprotocol -Wdeprecated-declarations -miphoneos-version-min=10.0 -g -Wno-sign-conversion -Wno-infinite-recursion -fembed-bitcode-marker -iquote /Users/ani.sinanaj/Mobile/timaterial/ti.material/iphone/build/ti.material.build/Release-iphoneos/ti.material.build/ti.material-generated-files.hmap -I/Users/ani.sinanaj/Mobile/timaterial/ti.material/iphone/build/ti.material.build/Release-iphoneos/ti.material.build/ti.material-own-target-headers.hmap -I/Users/ani.sinanaj/Mobile/timaterial/ti.material/iphone/build/ti.material.build/Release-iphoneos/ti.material.build/ti.material-all-target-headers.hmap -iquote /Users/ani.sinanaj/Mobile/timaterial/ti.material/iphone/build/ti.material.build/Release-iphoneos/ti.material.build/ti.material-project-headers.hmap -I/Users/ani.sinanaj/Mobile/timaterial/ti.material/iphone/build/Release-iphoneos/include -I/Users/ani.sinanaj/Library/Application\ Support/Titanium/mobilesdk/osx/6.0.0.GA/iphone/include -I/Users/ani.sinanaj/Library/Application\ Support/Titanium/mobilesdk/osx/6.0.0.GA/iphone/include/TiCore -I/Users/ani.sinanaj/Library/Application\ Support/Titanium/mobilesdk/osx/6.0.0.GA/iphone/include/JavaScriptCore -I/Users/ani.sinanaj/Mobile/timaterial/ti.material/iphone/build/ti.material.build/Release-iphoneos/ti.material.b
[TRACE]  [xcode-sim] CompileC build/ti.material.build/Release-iphonesimulator/ti.material.build/Objects-normal/x86_64/TiMaterialModuleAssets.o Classes/TiMaterialModuleAssets.m normal x86_64 objective-c com.apple.compilers.llvm.clang.1_0.compiler
[TRACE]  [xcode-sim]     cd /Users/ani.sinanaj/Mobile/timaterial/ti.material/iphone
[TRACE]  [xcode-sim]     export LANG=en_US.US-ASCII
[TRACE]  [xcode-sim]     export PATH="/Applications/Xcode.app/Contents/Developer/Platforms/iPhoneSimulator.platform/Developer/usr/bin:/Applications/Xcode.app/Contents/Developer/usr/bin:/Users/ani.sinanaj/.rvm/gems/ruby-2.2.0/bin:/Users/ani.sinanaj/.rvm/gems/ruby-2.2.0@global/bin:/Users/ani.sinanaj/.rvm/rubies/ruby-2.2.0/bin::/usr/local/opt/php70/bin:/usr/local/bin:/usr/local/sbin:/usr/bin:/usr/sbin:/usr/texbin:/opt/X11/bin:/bin:/sbin:/Users/ani.sinanaj/Applications/Android/sdk/tools:/Users/ani.sinanaj/Applications/Android/sdk/platform-tools:/Users/ani.sinanaj/Applications/Android/sdk/build-tools/20.0.0:/Users/ani.sinanaj/SparkleShare/dotfiles/bin:/Users/ani.sinanaj/SparkleShare/caffeina/Binaries:/Users/ani.sinanaj/.rvm/bin"
[TRACE]  [xcode-sim]     /Applications/Xcode.app/Contents/Developer/usr/bin/gcc -x objective-c -arch x86_64 -fmessage-length=0 -fdiagnostics-show-note-include-stack -fmacro-backtrace-limit=0 -std=c99 -Wno-trigraphs -fpascal-strings -Os -Wno-missing-field-initializers -Wno-missing-prototypes -Wno-return-type -Wno-implicit-atomic-properties -Wno-arc-repeated-use-of-weak -Wno-missing-braces -Wno-parentheses -Wswitch -Wunused-function -Wno-unused-label -Wno-unused-parameter -Wno-unused-variable -Wno-unused-value -Wno-empty-body -Wno-uninitialized -Wno-unknown-pragmas -Wno-shadow -Wno-four-char-constants -Wno-conversion -Wno-constant-conversion -Wno-int-conversion -Wno-bool-conversion -Wno-enum-conversion -Wshorten-64-to-32 -Wpointer-sign -Wno-newline-eof -Wno-selector -Wno-strict-selector-match -Wno-undeclared-selector -Wno-deprecated-implementations -DTI_VERSION= -isysroot /Applications/Xcode.app/Contents/Developer/Platforms/iPhoneSimulator.platform/Developer/SDKs/iPhoneSimulator10.2.sdk -fasm-blocks -fstrict-aliasing -Wprotocol -Wdeprecated-declarations -mios-simulator-version-min=10.0 -g -Wno-sign-conversion -Wno-infinite-recursion -fobjc-abi-version=2 -fobjc-legacy-dispatch -iquote /Users/ani.sinanaj/Mobile/timaterial/ti.material/iphone/build/ti.material.build/Release-iphonesimulator/ti.material.build/ti.material-generated-files.hmap -I/Users/ani.sinanaj/Mobile/timaterial/ti.material/iphone/build/ti.material.build/Release-iphonesimulator/ti.material.build/ti.material-own-target-headers.hmap -I/Users/ani.sinanaj/Mobile/timaterial/ti.material/iphone/build/ti.material.build/Release-iphonesimulator/ti.material.build/ti.material-all-target-headers.hmap -iquote /Users/ani.sinanaj/Mobile/timaterial/ti.material/iphone/build/ti.material.build/Release-iphonesimulator/ti.material.build/ti.material-project-headers.hmap -I/Users/ani.sinanaj/Mobile/timaterial/ti.material/iphone/build/Release-iphonesimulator/include -I/Users/ani.sinanaj/Library/Application\ Support/Titanium/mobilesdk/osx/6.0.0.GA/iphone/include -I/Users/ani.sinanaj/Library/Application\ Support/Titanium/mobilesdk/osx/6.0.0.GA/iphone/include/TiCore -I/Users/ani.sinanaj/Library/Application\ Support/Titanium/mobilesdk/osx/6.0.0.GA/iphone/include/JavaScriptCore -I/Users/ani.sinanaj/Mobile/timaterial/ti.material/iphone/build/ti.material.build/Release-iphonesimulator/ti.material.build/DerivedSources/x86_64 -I/Users/ani.sinanaj/Mobile/timaterial/ti.material/iphone/build/ti.material.build/Release-iphonesimulator/ti.material.build/DerivedSources -F/Users/ani.sinanaj/Mobile/timaterial/ti.material/iphone/build/Release-iphonesimulator -DTI_POST_1_2 -include /Users/ani.sinanaj/Mobile/timaterial/ti.material/iphone/build/SharedPrecompiledHeaders/TiMaterial_Prefix-azpogxuatvenypfwkxyvpimtgxcj/TiMaterial_Prefix.pch -MMD -MT dependencies -MF /Users/ani.sinanaj/Mobile/timaterial/ti.material/iphone/build/ti.material.build/Release-iphonesimulator/ti.material.build/Objects-normal/x86_64/TiMaterialModuleAssets.d --serialize-diagnostics /Users/ani.sinanaj/Mobile/timaterial/ti.material/iphone/build/ti.material.build/Release-iphonesimulator/ti.material.build/Objects-normal/x86_64/TiMaterialModuleAssets.dia -c /Users/ani.sinanaj/Mobile/timaterial/ti.material/iphone/Classes/TiMaterialModuleAssets.m -o /Users/ani.sinanaj/Mobile/timaterial/ti.material/iphone/build/ti.material.build/Release-iphonesimulator/ti.material.build/Objects-normal/x86_64/TiMaterialModuleAssets.o
[TRACE]  [xcode-sim] Libtool build/ti.material.build/Release-iphonesimulator/ti.material.build/Objects-normal/i386/libti.material.a normal i386
[TRACE]  [xcode-sim]     cd /Users/ani.sinanaj/Mobile/timaterial/ti.material/iphone
[TRACE]  [xcode-sim]     export IPHONEOS_DEPLOYMENT_TARGET=10.0
[TRACE]  [xcode-sim]     export PATH="/Applications/Xcode.app/Contents/Developer/Platforms/iPhoneSimulator.platform/Developer/usr/bin:/Applications/Xcode.app/Contents/Developer/usr/bin:/Users/ani.sinanaj/.rvm/gems/ruby-2.2.0/bin:/Users/ani.sinanaj/.rvm/gems/ruby-2.2.0@global/bin:/Users/ani.sinanaj/.rvm/rubies/ruby-2.2.0/bin::/usr/local/opt/php70/bin:/usr/local/bin:/usr/local/sbin:/usr/bin:/usr/sbin:/usr/texbin:/opt/X11/bin:/bin:/sbin:/Users/ani.sinanaj/Applications/Android/sdk/tools:/Users/ani.sinanaj/Applications/Android/sdk/platform-tools:/Users/ani.sinanaj/Applications/Android/sdk/build-tools/20.0.0:/Users/ani.sinanaj/SparkleShare/dotfiles/bin:/Users/ani.sinanaj/SparkleShare/caffeina/Binaries:/Users/ani.sinanaj/.rvm/bin"
[TRACE]  [xcode-sim]     /Applications/Xcode.app/Contents/Developer/Toolchains/XcodeDefault.xctoolchain/usr/bin/libtool -static -arch_only i386 -syslibroot /Applications/Xcode.app/Contents/Developer/Platforms/iPhoneSimulator.platform/Developer/SDKs/iPhoneSimulator10.2.sdk -L/Users/ani.sinanaj/Mobile/timaterial/ti.material/iphone/build/Release-iphonesimulator -L/Users/ani.sinanaj/Mobile/timaterial/ti.material/iphone -L/Users/ani.sinanaj/Mobile/timaterial/ti.material/iphone/Frameworks -filelist /Users/ani.sinanaj/Mobile/timaterial/ti.material/iphone/build/ti.material.build/Release-iphonesimulator/ti.material.build/Objects-normal/i386/ti.material.LinkFileList -lMaterialControls -framework Foundation -o /Users/ani.sinanaj/Mobile/timaterial/ti.material/iphone/build/ti.material.build/Release-iphonesimulator/ti.material.build/Objects-normal/i386/libti.material.a
[TRACE]  [xcode-dist] uild/DerivedSources/arm64 -I/Users/ani.sinanaj/Mobile/timaterial/ti.material/iphone/build/ti.material.build/Release-iphoneos/ti.material.build/DerivedSources -F/Users/ani.sinanaj/Mobile/timaterial/ti.material/iphone/build/Release-iphoneos -DTI_POST_1_2 -include /Users/ani.sinanaj/Mobile/timaterial/ti.material/iphone/build/SharedPrecompiledHeaders/TiMaterial_Prefix-ceaarqrdseadtbeqndgprfpvuaoy/TiMaterial_Prefix.pch -MMD -MT dependencies -MF /Users/ani.sinanaj/Mobile/timaterial/ti.material/iphone/build/ti.material.build/Release-iphoneos/ti.material.build/Objects-normal/arm64/TiMaterialSwitch.d --serialize-diagnostics /Users/ani.sinanaj/Mobile/timaterial/ti.material/iphone/build/ti.material.build/Release-iphoneos/ti.material.build/Objects-normal/arm64/TiMaterialSwitch.dia -c /Users/ani.sinanaj/Mobile/timaterial/ti.material/iphone/Classes/TiMaterialSwitch.m -o /Users/ani.sinanaj/Mobile/timaterial/ti.material/iphone/build/ti.material.build/Release-iphoneos/ti.material.build/Objects-normal/arm64/TiMaterialSwitch.o
[TRACE]  [xcode-dist] In file included from /Users/ani.sinanaj/Mobile/timaterial/ti.material/iphone/Classes/TiMaterialSwitch.m:9:
[TRACE]  [xcode-dist] In file included from /Users/ani.sinanaj/Mobile/timaterial/ti.material/iphone/Classes/TiMaterialSwitch.h:11:
[TRACE]  [xcode-dist] /Users/ani.sinanaj/Mobile/timaterial/ti.material/iphone/headers/MDSwitch.h:29:1: warning: no 'assign', 'retain', or 'copy' attribute is specified - 'assign' is assumed [-Wobjc-property-no-attribute]
[TRACE]  [xcode-dist] @property(nonatomic) IBInspectable UIColor *thumbOn;
[TRACE]  [xcode-dist] ^
[TRACE]  [xcode-dist] /Users/ani.sinanaj/Mobile/timaterial/ti.material/iphone/headers/MDSwitch.h:29:1: warning: default property attribute 'assign' not appropriate for non-GC object [-Wobjc-property-no-attribute]
[TRACE]  [xcode-dist] /Users/ani.sinanaj/Mobile/timaterial/ti.material/iphone/headers/MDSwitch.h:30:1: warning: no 'assign', 'retain', or 'copy' attribute is specified - 'assign' is assumed [-Wobjc-property-no-attribute]
[TRACE]  [xcode-dist] @property(nonatomic) IBInspectable UIColor *trackOn;
[TRACE]  [xcode-dist] ^
[TRACE]  [xcode-dist] /Users/ani.sinanaj/Mobile/timaterial/ti.material/iphone/headers/MDSwitch.h:30:1: warning: default property attribute 'assign' not appropriate for non-GC object [-Wobjc-property-no-attribute]
[TRACE]  [xcode-dist] /Users/ani.sinanaj/Mobile/timaterial/ti.material/iphone/headers/MDSwitch.h:31:1: warning: no 'assign', 'retain', or 'copy' attribute is specified - 'assign' is assumed [-Wobjc-property-no-attribute]
[TRACE]  [xcode-dist] @property(nonatomic) IBInspectable UIColor *thumbOff;
[TRACE]  [xcode-dist] ^
[TRACE]  [xcode-dist] /Users/ani.sinanaj/Mobile/timaterial/ti.material/iphone/headers/MDSwitch.h:31:1: warning: default property attribute 'assign' not appropriate for non-GC object [-Wobjc-property-no-attribute]
[TRACE]  [xcode-dist] /Users/ani.sinanaj/Mobile/timaterial/ti.material/iphone/headers/MDSwitch.h:32:1: warning: no 'assign', 'retain', or 'copy' attribute is specified - 'assign' is assumed [-Wobjc-property-no-attribute]
[TRACE]  [xcode-dist] @property(nonatomic) IBInspectable UIColor *trackOff;
[TRACE]  [xcode-dist] ^
[TRACE]  [xcode-dist] /Users/ani.sinanaj/Mobile/timaterial/ti.material/iphone/headers/MDSwitch.h:32:1: warning: default property attribute 'assign' not appropriate for non-GC object [-Wobjc-property-no-attribute]
[TRACE]  [xcode-dist] /Users/ani.sinanaj/Mobile/timaterial/ti.material/iphone/headers/MDSwitch.h:33:1: warning: no 'assign', 'retain', or 'copy' attribute is specified - 'assign' is assumed [-Wobjc-property-no-attribute]
[TRACE]  [xcode-dist] @property(nonatomic) IBInspectable UIColor *thumbDisabled;
[TRACE]  [xcode-dist] ^
[TRACE]  [xcode-dist] /Users/ani.sinanaj/Mobile/timaterial/ti.material/iphone/headers/MDSwitch.h:33:1: warning: default property attribute 'assign' not appropriate for non-GC object [-Wobjc-property-no-attribute]
[TRACE]  [xcode-dist] /Users/ani.sinanaj/Mobile/timaterial/ti.material/iphone/headers/MDSwitch.h:34:1: warning: no 'assign', 'retain', or 'copy' attribute is specified - 'assign' is assumed [-Wobjc-property-no-attribute]
[TRACE]  [xcode-dist] @property(nonatomic) IBInspectable UIColor *trackDisabled;
[TRACE]  [xcode-dist] ^
[TRACE]  [xcode-dist] /Users/ani.sinanaj/Mobile/timaterial/ti.material/iphone/headers/MDSwitch.h:34:1: warning: default property attribute 'assign' not appropriate for non-GC object [-Wobjc-property-no-attribute]
[TRACE]  [xcode-dist] 12 warnings generated.
[TRACE]  [xcode-dist] CompileC build/ti.material.build/Release-iphoneos/ti.material.build/Objects-normal/arm64/TiMaterialModuleAssets.o Classes/TiMaterialModuleAssets.m normal arm64 objective-c com.apple.compilers.llvm.clang.1_0.compiler
[TRACE]  [xcode-dist]     cd /Users/ani.sinanaj/Mobile/timaterial/ti.material/iphone
[TRACE]  [xcode-dist]     export LANG=en_US.US-ASCII
[TRACE]  [xcode-dist]     export PATH="/Applications/Xcode.app/Contents/Developer/Platforms/iPhoneOS.platform/Developer/usr/bin:/Applications/Xcode.app/Contents/Developer/usr/bin:/Users/ani.sinanaj/.rvm/gems/ruby-2.2.0/bin:/Users/ani.sinanaj/.rvm/gems/ruby-2.2.0@global/bin:/Users/ani.sinanaj/.rvm/rubies/ruby-2.2.0/bin::/usr/local/opt/php70/bin:/usr/local/bin:/usr/local/sbin:/usr/bin:/usr/sbin:/usr/texbin:/opt/X11/bin:/bin:/sbin:/Users/ani.sinanaj/Applications/Android/sdk/tools:/Users/ani.sinanaj/Applications/Android/sdk/platform-tools:/Users/ani.sinanaj/Applications/Android/sdk/build-tools/20.0.0:/Users/ani.sinanaj/SparkleShare/dotfiles/bin:/Users/ani.sinanaj/SparkleShare/caffeina/Binaries:/Users/ani.sinanaj/.rvm/bin"
[TRACE]  [xcode-dist]     /Applications/Xcode.app/Contents/Developer/usr/bin/gcc -x objective-c -arch arm64 -fmessage-length=0 -fdiagnostics-show-note-include-stack -fmacro-backtrace-limit=0 -std=c99 -Wno-trigraphs -fpascal-strings -Os -Wno-missing-field-initializers -Wno-missing-prototypes -Wno-return-type -Wno-implicit-atomic-properties -Wno-arc-repeated-use-of-weak -Wno-missing-braces -Wno-parentheses -Wswitch -Wunused-function -Wno-unused-label -Wno-unused-parameter -Wno-unused-variable -Wno-unused-value -Wno-empty-body -Wno-uninitialized -Wno-unknown-pragmas -Wno-shadow -Wno-four-char-constants -Wno-conversion -Wno-constant-conversion -Wno-int-conversion -Wno-bool-conversion -Wno-enum-conversion -Wshorten-64-to-32 -Wpointer-sign -Wno-newline-eof -Wno-selector -Wno-strict-selector-match -Wno-undeclared-selector -Wno-deprecated-implementations -DTI_VERSION= -isysroot /Applications/Xcode.app/Contents/Developer/Platforms/iPhoneOS.platform/Developer/SDKs/iPhoneOS10.2.sdk -fstrict-aliasing -Wprotocol -Wdeprecated-declarations -miphoneos-version-min=10.0 -g -Wno-sign-conversion -Wno-infinite-recursion -fembed-bitcode-marker -iquote /Users/ani.sinanaj/Mobile/timaterial/ti.material/iphone/build/ti.material.build/Release-iphoneos/ti.material.build/ti.material-generated-files.hmap -I/Users/ani.sinanaj/Mobile/timaterial/ti.material/iphone/build/ti.material.build/Release-iphoneos/ti.material.build/ti.material-own-target-headers.hmap -I/Users/ani.sinanaj/Mobile/timaterial/ti.material/iphone/build/ti.material.build/Release-iphoneos/ti.material.build/ti.material-all-target-headers.hmap -iquote /Users/ani.sinanaj/Mobile/timaterial/ti.material/iphone/build/ti.material.build/Release-iphoneos/ti.material.build/ti.material-project-headers.hmap -I/Users/ani.sinanaj/Mobile/timaterial/ti.material/iphone/build/Release-iphoneos/include -I/Users/ani.sinanaj/Library/Application\ Support/Titanium/mobilesdk/osx/6.0.0.GA/iphone/include -I/Users/ani.sinanaj/Library/Application\ Support/Titanium/mobilesdk/osx/6.0.0.GA/iphone/include/TiCore -I/Users/ani.sinanaj/Library/Application\ Support/Titanium/mobilesdk/osx/6.0.0.GA/iphone/include/JavaScriptCore -I/Users/ani.sinanaj/Mobile/timaterial/ti.material/iphone/build/ti.material.build/Release-iphoneos/ti.material.build/DerivedSources/arm64 -I/Users/ani.sinanaj/Mobile/timaterial/ti.material/iphone/build/ti.material.build/Release-iphoneos/ti.material.build/DerivedSources -F/Users/ani.sinanaj/Mobile/timaterial/ti.material/iphone/build/Release-iphoneos -DTI_POST_1_2 -include /Users/ani.sinanaj/Mobile/timaterial/ti.material/iphone/build/SharedPrecompiledHeaders/TiMaterial_Prefix-ceaarqrdseadtbeqndgprfpvuaoy/TiMaterial_Prefix.pch -MMD -MT dependencies -MF /Users/ani.sinanaj/Mobile/timaterial/ti.material/iphone/build/ti.material.build/Release-iphoneos/ti.material.build/Objects-normal/arm64/TiMaterialModuleAssets.d --serialize-diagnostics /Users/ani.sinanaj/Mobile/timaterial/ti.material/iphone/build/ti.material.build/Release-iphoneos/ti.material.build/Objects-normal/arm64/TiMaterialModuleAssets.dia -c /Users/ani.sinanaj/Mobile/timaterial/ti.material/iphone/Classes/TiMaterialModuleAssets.m -o /Users/ani.sinanaj/Mobile/timaterial/ti.material/iphone/build/ti.material.build/Release-ip
[TRACE]  [xcode-dist] honeos/ti.material.build/Objects-normal/arm64/TiMaterialModuleAssets.o
[TRACE]  [xcode-dist] Libtool build/ti.material.build/Release-iphoneos/ti.material.build/Objects-normal/arm64/libti.material.a normal arm64
[TRACE]  [xcode-dist]     cd /Users/ani.sinanaj/Mobile/timaterial/ti.material/iphone
[TRACE]  [xcode-dist]     export IPHONEOS_DEPLOYMENT_TARGET=10.0
[TRACE]  [xcode-dist]     export PATH="/Applications/Xcode.app/Contents/Developer/Platforms/iPhoneOS.platform/Developer/usr/bin:/Applications/Xcode.app/Contents/Developer/usr/bin:/Users/ani.sinanaj/.rvm/gems/ruby-2.2.0/bin:/Users/ani.sinanaj/.rvm/gems/ruby-2.2.0@global/bin:/Users/ani.sinanaj/.rvm/rubies/ruby-2.2.0/bin::/usr/local/opt/php70/bin:/usr/local/bin:/usr/local/sbin:/usr/bin:/usr/sbin:/usr/texbin:/opt/X11/bin:/bin:/sbin:/Users/ani.sinanaj/Applications/Android/sdk/tools:/Users/ani.sinanaj/Applications/Android/sdk/platform-tools:/Users/ani.sinanaj/Applications/Android/sdk/build-tools/20.0.0:/Users/ani.sinanaj/SparkleShare/dotfiles/bin:/Users/ani.sinanaj/SparkleShare/caffeina/Binaries:/Users/ani.sinanaj/.rvm/bin"
[TRACE]  [xcode-dist]     /Applications/Xcode.app/Contents/Developer/Toolchains/XcodeDefault.xctoolchain/usr/bin/libtool -static -arch_only arm64 -syslibroot /Applications/Xcode.app/Contents/Developer/Platforms/iPhoneOS.platform/Developer/SDKs/iPhoneOS10.2.sdk -L/Users/ani.sinanaj/Mobile/timaterial/ti.material/iphone/build/Release-iphoneos -L/Users/ani.sinanaj/Mobile/timaterial/ti.material/iphone -L/Users/ani.sinanaj/Mobile/timaterial/ti.material/iphone/Frameworks -filelist /Users/ani.sinanaj/Mobile/timaterial/ti.material/iphone/build/ti.material.build/Release-iphoneos/ti.material.build/Objects-normal/arm64/ti.material.LinkFileList -lMaterialControls -framework Foundation -o /Users/ani.sinanaj/Mobile/timaterial/ti.material/iphone/build/ti.material.build/Release-iphoneos/ti.material.build/Objects-normal/arm64/libti.material.a
[TRACE]  [xcode-sim] Libtool build/ti.material.build/Release-iphonesimulator/ti.material.build/Objects-normal/x86_64/libti.material.a normal x86_64
[TRACE]  [xcode-sim]     cd /Users/ani.sinanaj/Mobile/timaterial/ti.material/iphone
[TRACE]  [xcode-sim]     export IPHONEOS_DEPLOYMENT_TARGET=10.0
[TRACE]  [xcode-sim]     export PATH="/Applications/Xcode.app/Contents/Developer/Platforms/iPhoneSimulator.platform/Developer/usr/bin:/Applications/Xcode.app/Contents/Developer/usr/bin:/Users/ani.sinanaj/.rvm/gems/ruby-2.2.0/bin:/Users/ani.sinanaj/.rvm/gems/ruby-2.2.0@global/bin:/Users/ani.sinanaj/.rvm/rubies/ruby-2.2.0/bin::/usr/local/opt/php70/bin:/usr/local/bin:/usr/local/sbin:/usr/bin:/usr/sbin:/usr/texbin:/opt/X11/bin:/bin:/sbin:/Users/ani.sinanaj/Applications/Android/sdk/tools:/Users/ani.sinanaj/Applications/Android/sdk/platform-tools:/Users/ani.sinanaj/Applications/Android/sdk/build-tools/20.0.0:/Users/ani.sinanaj/SparkleShare/dotfiles/bin:/Users/ani.sinanaj/SparkleShare/caffeina/Binaries:/Users/ani.sinanaj/.rvm/bin"
[TRACE]  [xcode-sim]     /Applications/Xcode.app/Contents/Developer/Toolchains/XcodeDefault.xctoolchain/usr/bin/libtool -static -arch_only x86_64 -syslibroot /Applications/Xcode.app/Contents/Developer/Platforms/iPhoneSimulator.platform/Developer/SDKs/iPhoneSimulator10.2.sdk -L/Users/ani.sinanaj/Mobile/timaterial/ti.material/iphone/build/Release-iphonesimulator -L/Users/ani.sinanaj/Mobile/timaterial/ti.material/iphone -L/Users/ani.sinanaj/Mobile/timaterial/ti.material/iphone/Frameworks -filelist /Users/ani.sinanaj/Mobile/timaterial/ti.material/iphone/build/ti.material.build/Release-iphonesimulator/ti.material.build/Objects-normal/x86_64/ti.material.LinkFileList -lMaterialControls -framework Foundation -o /Users/ani.sinanaj/Mobile/timaterial/ti.material/iphone/build/ti.material.build/Release-iphonesimulator/ti.material.build/Objects-normal/x86_64/libti.material.a
[TRACE]  [xcode-sim] CreateUniversalBinary build/Release-iphonesimulator/libti.material.a normal i386\ x86_64
[TRACE]  [xcode-sim]     cd /Users/ani.sinanaj/Mobile/timaterial/ti.material/iphone
[TRACE]  [xcode-sim]     export PATH="/Applications/Xcode.app/Contents/Developer/Platforms/iPhoneSimulator.platform/Developer/usr/bin:/Applications/Xcode.app/Contents/Developer/usr/bin:/Users/ani.sinanaj/.rvm/gems/ruby-2.2.0/bin:/Users/ani.sinanaj/.rvm/gems/ruby-2.2.0@global/bin:/Users/ani.sinanaj/.rvm/rubies/ruby-2.2.0/bin::/usr/local/opt/php70/bin:/usr/local/bin:/usr/local/sbin:/usr/bin:/usr/sbin:/usr/texbin:/opt/X11/bin:/bin:/sbin:/Users/ani.sinanaj/Applications/Android/sdk/tools:/Users/ani.sinanaj/Applications/Android/sdk/platform-tools:/Users/ani.sinanaj/Applications/Android/sdk/build-tools/20.0.0:/Users/ani.sinanaj/SparkleShare/dotfiles/bin:/Users/ani.sinanaj/SparkleShare/caffeina/Binaries:/Users/ani.sinanaj/.rvm/bin"
[TRACE]  [xcode-sim]     /Applications/Xcode.app/Contents/Developer/Toolchains/XcodeDefault.xctoolchain/usr/bin/libtool -static /Users/ani.sinanaj/Mobile/timaterial/ti.material/iphone/build/ti.material.build/Release-iphonesimulator/ti.material.build/Objects-normal/i386/libti.material.a /Users/ani.sinanaj/Mobile/timaterial/ti.material/iphone/build/ti.material.build/Release-iphonesimulator/ti.material.build/Objects-normal/x86_64/libti.material.a -o /Users/ani.sinanaj/Mobile/timaterial/ti.material/iphone/build/Release-iphonesimulator/libti.material.a
[TRACE]  [xcode-dist] Libtool build/ti.material.build/Release-iphoneos/ti.material.build/Objects-normal/armv7/libti.material.a normal armv7
[TRACE]  [xcode-dist]     cd /Users/ani.sinanaj/Mobile/timaterial/ti.material/iphone
[TRACE]  [xcode-dist]     export IPHONEOS_DEPLOYMENT_TARGET=10.0
[TRACE]  [xcode-dist]     export PATH="/Applications/Xcode.app/Contents/Developer/Platforms/iPhoneOS.platform/Developer/usr/bin:/Applications/Xcode.app/Contents/Developer/usr/bin:/Users/ani.sinanaj/.rvm/gems/ruby-2.2.0/bin:/Users/ani.sinanaj/.rvm/gems/ruby-2.2.0@global/bin:/Users/ani.sinanaj/.rvm/rubies/ruby-2.2.0/bin::/usr/local/opt/php70/bin:/usr/local/bin:/usr/local/sbin:/usr/bin:/usr/sbin:/usr/texbin:/opt/X11/bin:/bin:/sbin:/Users/ani.sinanaj/Applications/Android/sdk/tools:/Users/ani.sinanaj/Applications/Android/sdk/platform-tools:/Users/ani.sinanaj/Applications/Android/sdk/build-tools/20.0.0:/Users/ani.sinanaj/SparkleShare/dotfiles/bin:/Users/ani.sinanaj/SparkleShare/caffeina/Binaries:/Users/ani.sinanaj/.rvm/bin"
[TRACE]  [xcode-dist]     /Applications/Xcode.app/Contents/Developer/Toolchains/XcodeDefault.xctoolchain/usr/bin/libtool -static -arch_only armv7 -syslibroot /Applications/Xcode.app/Contents/Developer/Platforms/iPhoneOS.platform/Developer/SDKs/iPhoneOS10.2.sdk -L/Users/ani.sinanaj/Mobile/timaterial/ti.material/iphone/build/Release-iphoneos -L/Users/ani.sinanaj/Mobile/timaterial/ti.material/iphone -L/Users/ani.sinanaj/Mobile/timaterial/ti.material/iphone/Frameworks -filelist /Users/ani.sinanaj/Mobile/timaterial/ti.material/iphone/build/ti.material.build/Release-iphoneos/ti.material.build/Objects-normal/armv7/ti.material.LinkFileList -lMaterialControls -framework Foundation -o /Users/ani.sinanaj/Mobile/timaterial/ti.material/iphone/build/ti.material.build/Release-iphoneos/ti.material.build/Objects-normal/armv7/libti.material.a
[TRACE]  [xcode-dist] CreateUniversalBinary build/Release-iphoneos/libti.material.a normal armv7\ arm64
[TRACE]  [xcode-dist]     cd /Users/ani.sinanaj/Mobile/timaterial/ti.material/iphone
[TRACE]  [xcode-dist]     export PATH="/Applications/Xcode.app/Contents/Developer/Platforms/iPhoneOS.platform/Developer/usr/bin:/Applications/Xcode.app/Contents/Developer/usr/bin:/Users/ani.sinanaj/.rvm/gems/ruby-2.2.0/bin:/Users/ani.sinanaj/.rvm/gems/ruby-2.2.0@global/bin:/Users/ani.sinanaj/.rvm/rubies/ruby-2.2.0/bin::/usr/local/opt/php70/bin:/usr/local/bin:/usr/local/sbin:/usr/bin:/usr/sbin:/usr/texbin:/opt/X11/bin:/bin:/sbin:/Users/ani.sinanaj/Applications/Android/sdk/tools:/Users/ani.sinanaj/Applications/Android/sdk/platform-tools:/Users/ani.sinanaj/Applications/Android/sdk/build-tools/20.0.0:/Users/ani.sinanaj/SparkleShare/dotfiles/bin:/Users/ani.sinanaj/SparkleShare/caffeina/Binaries:/Users/ani.sinanaj/.rvm/bin"
[TRACE]  [xcode-dist]     /Applications/Xcode.app/Contents/Developer/Toolchains/XcodeDefault.xctoolchain/usr/bin/libtool -static /Users/ani.sinanaj/Mobile/timaterial/ti.material/iphone/build/ti.material.build/Release-iphoneos/ti.material.build/Objects-normal/armv7/libti.material.a /Users/ani.sinanaj/Mobile/timaterial/ti.material/iphone/build/ti.material.build/Release-iphoneos/ti.material.build/Objects-normal/arm64/libti.material.a -o /Users/ani.sinanaj/Mobile/timaterial/ti.material/iphone/build/Release-iphoneos/libti.material.a
[TRACE]  [xcode-sim] ** BUILD SUCCEEDED **
[TRACE]  [xcode-dist] ** BUILD SUCCEEDED **
[INFO]   Creating universal library
[DEBUG]  Running: /Applications/Xcode.app/Contents/Developer/Toolchains/XcodeDefault.xctoolchain/usr/bin/lipo /Users/ani.sinanaj/Mobile/timaterial/ti.material/iphone/build/Release-iphoneos/libti.material.a /Users/ani.sinanaj/Mobile/timaterial/ti.material/iphone/build/Release-iphonesimulator/libti.material.a -create -output /Users/ani.sinanaj/Mobile/timaterial/ti.material/iphone/build/libti.material.a
[INFO]   Verifying universal library
[DEBUG]  Running: /Applications/Xcode.app/Contents/Developer/Toolchains/XcodeDefault.xctoolchain/usr/bin/lipo -info /Users/ani.sinanaj/Mobile/timaterial/ti.material/iphone/build/libti.material.a
[INFO]   Creating module zip
[INFO]   Writing module zip: /Users/ani.sinanaj/Mobile/timaterial/ti.material/iphone/ti.material-iphone-1.0.0.zip
[INFO]   Project built successfully in 2s 315ms
